{"timestamp":"2026-06-20T15:40:02.111267Z","level":"info","event":"DAG bundles loaded: dags-folder","logger":"airflow.dag_processing.bundles.manager.DagBundlesManager","filename":"manager.py","lineno":179}
{"timestamp":"2026-06-20T15:40:02.116302Z","level":"info","event":"Filling up the DagBag from /opt/airflow/dags/ecom_pipeline_dag.py","logger":"airflow.models.dagbag.DagBag","filename":"dagbag.py","lineno":593}
{"timestamp":"2026-06-20T15:40:02.329823Z","level":"info","event":"Tmp dir root location: /tmp","logger":"airflow.task.hooks.airflow.providers.standard.hooks.subprocess.SubprocessHook","filename":"subprocess.py","lineno":78}
{"timestamp":"2026-06-20T15:40:02.343471Z","level":"info","event":"Running command: ['/usr/bin/bash', '-c', '\\n        cd /opt/airflow/dbt &&\\n        dbt run --select silver\\n        ']","logger":"airflow.task.hooks.airflow.providers.standard.hooks.subprocess.SubprocessHook","filename":"subprocess.py","lineno":80}
{"timestamp":"2026-06-20T15:40:02.347084Z","level":"info","event":"Output:","logger":"airflow.task.hooks.airflow.providers.standard.hooks.subprocess.SubprocessHook","filename":"subprocess.py","lineno":92}
{"timestamp":"2026-06-20T15:40:07.262393Z","level":"info","event":"\u001b[0m15:40:07  Running with dbt=1.11.11","logger":"airflow.task.hooks.airflow.providers.standard.hooks.subprocess.SubprocessHook","filename":"subprocess.py","lineno":99}
{"timestamp":"2026-06-20T15:40:15.838333Z","level":"info","event":"\u001b[0m15:40:15  Registered adapter: bigquery=1.8.2","logger":"airflow.task.hooks.airflow.providers.standard.hooks.subprocess.SubprocessHook","filename":"subprocess.py","lineno":99}
{"timestamp":"2026-06-20T15:40:17.886774Z","level":"info","event":"\u001b[0m15:40:17  Found 17 models, 102 data tests, 10 sources, 531 macros","logger":"airflow.task.hooks.airflow.providers.standard.hooks.subprocess.SubprocessHook","filename":"subprocess.py","lineno":99}
{"timestamp":"2026-06-20T15:40:17.898539Z","level":"info","event":"\u001b[0m15:40:17","logger":"airflow.task.hooks.airflow.providers.standard.hooks.subprocess.SubprocessHook","filename":"subprocess.py","lineno":99}
{"timestamp":"2026-06-20T15:40:17.900196Z","level":"info","event":"\u001b[0m15:40:17  Concurrency: 4 threads (target='dev')","logger":"airflow.task.hooks.airflow.providers.standard.hooks.subprocess.SubprocessHook","filename":"subprocess.py","lineno":99}
{"timestamp":"2026-06-20T15:40:17.902209Z","level":"info","event":"\u001b[0m15:40:17","logger":"airflow.task.hooks.airflow.providers.standard.hooks.subprocess.SubprocessHook","filename":"subprocess.py","lineno":99}
{"timestamp":"2026-06-20T15:40:22.304118Z","level":"info","event":"\u001b[0m15:40:22  1 of 6 START sql table model ecom_silver.silver_customers ...................... [RUN]","logger":"airflow.task.hooks.airflow.providers.standard.hooks.subprocess.SubprocessHook","filename":"subprocess.py","lineno":99}
{"timestamp":"2026-06-20T15:40:22.307177Z","level":"info","event":"\u001b[0m15:40:22  2 of 6 START sql table model ecom_silver.silver_order_items .................... [RUN]","logger":"airflow.task.hooks.airflow.providers.standard.hooks.subprocess.SubprocessHook","filename":"subprocess.py","lineno":99}
{"timestamp":"2026-06-20T15:40:22.309105Z","level":"info","event":"\u001b[0m15:40:22  3 of 6 START sql table model ecom_silver.silver_orders ......................... [RUN]","logger":"airflow.task.hooks.airflow.providers.standard.hooks.subprocess.SubprocessHook","filename":"subprocess.py","lineno":99}
{"timestamp":"2026-06-20T15:40:22.310933Z","level":"info","event":"\u001b[0m15:40:22  4 of 6 START sql table model ecom_silver.silver_payments ....................... [RUN]","logger":"airflow.task.hooks.airflow.providers.standard.hooks.subprocess.SubprocessHook","filename":"subprocess.py","lineno":99}
{"timestamp":"2026-06-20T15:40:27.728206Z","level":"info","event":"\u001b[0m15:40:27  4 of 6 OK created sql table model ecom_silver.silver_payments .................. [\u001b[32mCREATE TABLE (103.9k rows, 41.8 MiB processed)\u001b[0m in 5.41s]","logger":"airflow.task.hooks.airflow.providers.standard.hooks.subprocess.SubprocessHook","filename":"subprocess.py","lineno":99}
{"timestamp":"2026-06-20T15:40:27.736504Z","level":"info","event":"\u001b[0m15:40:27  5 of 6 START sql table model ecom_silver.silver_products ....................... [RUN]","logger":"airflow.task.hooks.airflow.providers.standard.hooks.subprocess.SubprocessHook","filename":"subprocess.py","lineno":99}
{"timestamp":"2026-06-20T15:40:27.893855Z","level":"info","event":"\u001b[0m15:40:27  1 of 6 OK created sql table model ecom_silver.silver_customers ................. [\u001b[32mCREATE TABLE (99.4k rows, 42.2 MiB processed)\u001b[0m in 5.57s]","logger":"airflow.task.hooks.airflow.providers.standard.hooks.subprocess.SubprocessHook","filename":"subprocess.py","lineno":99}
{"timestamp":"2026-06-20T15:40:27.900980Z","level":"info","event":"\u001b[0m15:40:27  6 of 6 START sql table model ecom_silver.silver_sellers ........................ [RUN]","logger":"airflow.task.hooks.airflow.providers.standard.hooks.subprocess.SubprocessHook","filename":"subprocess.py","lineno":99}
{"timestamp":"2026-06-20T15:40:28.025933Z","level":"info","event":"\u001b[0m15:40:28  3 of 6 OK created sql table model ecom_silver.silver_orders .................... [\u001b[32mCREATE TABLE (99.4k rows, 46.9 MiB processed)\u001b[0m in 5.71s]","logger":"airflow.task.hooks.airflow.providers.standard.hooks.subprocess.SubprocessHook","filename":"subprocess.py","lineno":99}
{"timestamp":"2026-06-20T15:40:28.374614Z","level":"info","event":"\u001b[0m15:40:28  2 of 6 OK created sql table model ecom_silver.silver_order_items ............... [\u001b[32mCREATE TABLE (112.7k rows, 53.6 MiB processed)\u001b[0m in 6.06s]","logger":"airflow.task.hooks.airflow.providers.standard.hooks.subprocess.SubprocessHook","filename":"subprocess.py","lineno":99}
{"timestamp":"2026-06-20T15:40:32.585121Z","level":"info","event":"\u001b[0m15:40:32  6 of 6 OK created sql table model ecom_silver.silver_sellers ................... [\u001b[32mCREATE TABLE (3.1k rows, 1.2 MiB processed)\u001b[0m in 4.68s]","logger":"airflow.task.hooks.airflow.providers.standard.hooks.subprocess.SubprocessHook","filename":"subprocess.py","lineno":99}
{"timestamp":"2026-06-20T15:40:32.645238Z","level":"info","event":"\u001b[0m15:40:32  5 of 6 OK created sql table model ecom_silver.silver_products .................. [\u001b[32mCREATE TABLE (33.0k rows, 14.0 MiB processed)\u001b[0m in 4.90s]","logger":"airflow.task.hooks.airflow.providers.standard.hooks.subprocess.SubprocessHook","filename":"subprocess.py","lineno":99}
{"timestamp":"2026-06-20T15:40:32.665607Z","level":"info","event":"\u001b[0m15:40:32","logger":"airflow.task.hooks.airflow.providers.standard.hooks.subprocess.SubprocessHook","filename":"subprocess.py","lineno":99}
{"timestamp":"2026-06-20T15:40:32.666988Z","level":"info","event":"\u001b[0m15:40:32  Finished running 6 table models in 0 hours 0 minutes and 14.76 seconds (14.76s).","logger":"airflow.task.hooks.airflow.providers.standard.hooks.subprocess.SubprocessHook","filename":"subprocess.py","lineno":99}
{"timestamp":"2026-06-20T15:40:33.105069Z","level":"info","event":"\u001b[0m15:40:33","logger":"airflow.task.hooks.airflow.providers.standard.hooks.subprocess.SubprocessHook","filename":"subprocess.py","lineno":99}
{"timestamp":"2026-06-20T15:40:33.106481Z","level":"info","event":"\u001b[0m15:40:33  \u001b[32mCompleted successfully\u001b[0m","logger":"airflow.task.hooks.airflow.providers.standard.hooks.subprocess.SubprocessHook","filename":"subprocess.py","lineno":99}
{"timestamp":"2026-06-20T15:40:33.107721Z","level":"info","event":"\u001b[0m15:40:33","logger":"airflow.task.hooks.airflow.providers.standard.hooks.subprocess.SubprocessHook","filename":"subprocess.py","lineno":99}
{"timestamp":"2026-06-20T15:40:33.108932Z","level":"info","event":"\u001b[0m15:40:33  Done. PASS=6 WARN=0 ERROR=0 SKIP=0 NO-OP=0 TOTAL=6","logger":"airflow.task.hooks.airflow.providers.standard.hooks.subprocess.SubprocessHook","filename":"subprocess.py","lineno":99}
{"timestamp":"2026-06-20T15:40:36.915819Z","level":"info","event":"Command exited with return code 0","logger":"airflow.task.hooks.airflow.providers.standard.hooks.subprocess.SubprocessHook","filename":"subprocess.py","lineno":103}
{"timestamp":"2026-06-20T15:40:36.919184Z","level":"info","event":"Pushing xcom","ti":"RuntimeTaskInstance(id=UUID('019ee5b0-5c37-7df1-8914-199c5a799339'), task_id='run_silver', dag_id='ecommerce_dbt_pipeline', run_id='scheduled__2026-06-20T15:40:00+00:00', try_number=1, dag_version_id=UUID('019ee480-d858-7755-9abf-f253f288f78b'), map_index=-1, hostname='8435f94d412b', context_carrier={}, task=<Task(BashOperator): run_silver>, bundle_instance=LocalDagBundle(name=dags-folder), max_tries=0, start_date=datetime.datetime(2026, 6, 20, 15, 40, 1, 730811, tzinfo=datetime.timezone.utc), end_date=None, state=<TaskInstanceState.RUNNING: 'running'>, is_mapped=False, rendered_map_index=None)","logger":"task","filename":"task_runner.py","lineno":1450}
