{"timestamp":"2026-06-20T15:25:01.127508Z","level":"info","event":"DAG bundles loaded: dags-folder","logger":"airflow.dag_processing.bundles.manager.DagBundlesManager","filename":"manager.py","lineno":179}
{"timestamp":"2026-06-20T15:25:01.132715Z","level":"info","event":"Filling up the DagBag from /opt/airflow/dags/ecom_pipeline_dag.py","logger":"airflow.models.dagbag.DagBag","filename":"dagbag.py","lineno":593}
{"timestamp":"2026-06-20T15:25:01.321419Z","level":"info","event":"Tmp dir root location: /tmp","logger":"airflow.task.hooks.airflow.providers.standard.hooks.subprocess.SubprocessHook","filename":"subprocess.py","lineno":78}
{"timestamp":"2026-06-20T15:25:01.329939Z","level":"info","event":"Running command: ['/usr/bin/bash', '-c', '\\n        cd /opt/airflow/dbt &&\\n        dbt run --select silver\\n        ']","logger":"airflow.task.hooks.airflow.providers.standard.hooks.subprocess.SubprocessHook","filename":"subprocess.py","lineno":80}
{"timestamp":"2026-06-20T15:25:01.332981Z","level":"info","event":"Output:","logger":"airflow.task.hooks.airflow.providers.standard.hooks.subprocess.SubprocessHook","filename":"subprocess.py","lineno":92}
{"timestamp":"2026-06-20T15:25:05.163067Z","level":"info","event":"\u001b[0m15:25:05  Running with dbt=1.11.11","logger":"airflow.task.hooks.airflow.providers.standard.hooks.subprocess.SubprocessHook","filename":"subprocess.py","lineno":99}
{"timestamp":"2026-06-20T15:25:14.327354Z","level":"info","event":"\u001b[0m15:25:14  Registered adapter: bigquery=1.8.2","logger":"airflow.task.hooks.airflow.providers.standard.hooks.subprocess.SubprocessHook","filename":"subprocess.py","lineno":99}
{"timestamp":"2026-06-20T15:25:18.026804Z","level":"info","event":"\u001b[0m15:25:18  Found 17 models, 102 data tests, 10 sources, 531 macros","logger":"airflow.task.hooks.airflow.providers.standard.hooks.subprocess.SubprocessHook","filename":"subprocess.py","lineno":99}
{"timestamp":"2026-06-20T15:25:18.039267Z","level":"info","event":"\u001b[0m15:25:18","logger":"airflow.task.hooks.airflow.providers.standard.hooks.subprocess.SubprocessHook","filename":"subprocess.py","lineno":99}
{"timestamp":"2026-06-20T15:25:18.043206Z","level":"info","event":"\u001b[0m15:25:18  Concurrency: 4 threads (target='dev')","logger":"airflow.task.hooks.airflow.providers.standard.hooks.subprocess.SubprocessHook","filename":"subprocess.py","lineno":99}
{"timestamp":"2026-06-20T15:25:18.051157Z","level":"info","event":"\u001b[0m15:25:18","logger":"airflow.task.hooks.airflow.providers.standard.hooks.subprocess.SubprocessHook","filename":"subprocess.py","lineno":99}
{"timestamp":"2026-06-20T15:25:22.441238Z","level":"info","event":"\u001b[0m15:25:22  1 of 6 START sql table model ecom_silver.silver_customers ...................... [RUN]","logger":"airflow.task.hooks.airflow.providers.standard.hooks.subprocess.SubprocessHook","filename":"subprocess.py","lineno":99}
{"timestamp":"2026-06-20T15:25:22.443220Z","level":"info","event":"\u001b[0m15:25:22  2 of 6 START sql table model ecom_silver.silver_order_items .................... [RUN]","logger":"airflow.task.hooks.airflow.providers.standard.hooks.subprocess.SubprocessHook","filename":"subprocess.py","lineno":99}
{"timestamp":"2026-06-20T15:25:22.445644Z","level":"info","event":"\u001b[0m15:25:22  3 of 6 START sql table model ecom_silver.silver_orders ......................... [RUN]","logger":"airflow.task.hooks.airflow.providers.standard.hooks.subprocess.SubprocessHook","filename":"subprocess.py","lineno":99}
{"timestamp":"2026-06-20T15:25:22.447351Z","level":"info","event":"\u001b[0m15:25:22  4 of 6 START sql table model ecom_silver.silver_payments ....................... [RUN]","logger":"airflow.task.hooks.airflow.providers.standard.hooks.subprocess.SubprocessHook","filename":"subprocess.py","lineno":99}
{"timestamp":"2026-06-20T15:25:28.763367Z","level":"info","event":"\u001b[0m15:25:28  1 of 6 OK created sql table model ecom_silver.silver_customers ................. [\u001b[32mCREATE TABLE (99.4k rows, 42.2 MiB processed)\u001b[0m in 6.31s]","logger":"airflow.task.hooks.airflow.providers.standard.hooks.subprocess.SubprocessHook","filename":"subprocess.py","lineno":99}
{"timestamp":"2026-06-20T15:25:28.766366Z","level":"info","event":"\u001b[0m15:25:28  2 of 6 OK created sql table model ecom_silver.silver_order_items ............... [\u001b[32mCREATE TABLE (112.7k rows, 53.6 MiB processed)\u001b[0m in 6.31s]","logger":"airflow.task.hooks.airflow.providers.standard.hooks.subprocess.SubprocessHook","filename":"subprocess.py","lineno":99}
{"timestamp":"2026-06-20T15:25:28.775610Z","level":"info","event":"\u001b[0m15:25:28  5 of 6 START sql table model ecom_silver.silver_products ....................... [RUN]","logger":"airflow.task.hooks.airflow.providers.standard.hooks.subprocess.SubprocessHook","filename":"subprocess.py","lineno":99}
{"timestamp":"2026-06-20T15:25:28.777105Z","level":"info","event":"\u001b[0m15:25:28  6 of 6 START sql table model ecom_silver.silver_sellers ........................ [RUN]","logger":"airflow.task.hooks.airflow.providers.standard.hooks.subprocess.SubprocessHook","filename":"subprocess.py","lineno":99}
{"timestamp":"2026-06-20T15:25:29.022937Z","level":"info","event":"\u001b[0m15:25:29  3 of 6 OK created sql table model ecom_silver.silver_orders .................... [\u001b[32mCREATE TABLE (99.4k rows, 46.9 MiB processed)\u001b[0m in 6.57s]","logger":"airflow.task.hooks.airflow.providers.standard.hooks.subprocess.SubprocessHook","filename":"subprocess.py","lineno":99}
{"timestamp":"2026-06-20T15:25:29.214533Z","level":"info","event":"\u001b[0m15:25:29  4 of 6 OK created sql table model ecom_silver.silver_payments .................. [\u001b[32mCREATE TABLE (103.9k rows, 41.8 MiB processed)\u001b[0m in 6.76s]","logger":"airflow.task.hooks.airflow.providers.standard.hooks.subprocess.SubprocessHook","filename":"subprocess.py","lineno":99}
{"timestamp":"2026-06-20T15:25:33.647551Z","level":"info","event":"\u001b[0m15:25:33  6 of 6 OK created sql table model ecom_silver.silver_sellers ................... [\u001b[32mCREATE TABLE (3.1k rows, 1.2 MiB processed)\u001b[0m in 4.87s]","logger":"airflow.task.hooks.airflow.providers.standard.hooks.subprocess.SubprocessHook","filename":"subprocess.py","lineno":99}
{"timestamp":"2026-06-20T15:25:33.658801Z","level":"info","event":"\u001b[0m15:25:33  5 of 6 OK created sql table model ecom_silver.silver_products .................. [\u001b[32mCREATE TABLE (33.0k rows, 14.0 MiB processed)\u001b[0m in 4.88s]","logger":"airflow.task.hooks.airflow.providers.standard.hooks.subprocess.SubprocessHook","filename":"subprocess.py","lineno":99}
{"timestamp":"2026-06-20T15:25:33.671400Z","level":"info","event":"\u001b[0m15:25:33","logger":"airflow.task.hooks.airflow.providers.standard.hooks.subprocess.SubprocessHook","filename":"subprocess.py","lineno":99}
{"timestamp":"2026-06-20T15:25:33.672398Z","level":"info","event":"\u001b[0m15:25:33  Finished running 6 table models in 0 hours 0 minutes and 15.61 seconds (15.61s).","logger":"airflow.task.hooks.airflow.providers.standard.hooks.subprocess.SubprocessHook","filename":"subprocess.py","lineno":99}
{"timestamp":"2026-06-20T15:25:34.082523Z","level":"info","event":"\u001b[0m15:25:34","logger":"airflow.task.hooks.airflow.providers.standard.hooks.subprocess.SubprocessHook","filename":"subprocess.py","lineno":99}
{"timestamp":"2026-06-20T15:25:34.086906Z","level":"info","event":"\u001b[0m15:25:34  \u001b[32mCompleted successfully\u001b[0m","logger":"airflow.task.hooks.airflow.providers.standard.hooks.subprocess.SubprocessHook","filename":"subprocess.py","lineno":99}
{"timestamp":"2026-06-20T15:25:34.089946Z","level":"info","event":"\u001b[0m15:25:34","logger":"airflow.task.hooks.airflow.providers.standard.hooks.subprocess.SubprocessHook","filename":"subprocess.py","lineno":99}
{"timestamp":"2026-06-20T15:25:34.095299Z","level":"info","event":"\u001b[0m15:25:34  Done. PASS=6 WARN=0 ERROR=0 SKIP=0 NO-OP=0 TOTAL=6","logger":"airflow.task.hooks.airflow.providers.standard.hooks.subprocess.SubprocessHook","filename":"subprocess.py","lineno":99}
{"timestamp":"2026-06-20T15:25:36.722510Z","level":"info","event":"Command exited with return code 0","logger":"airflow.task.hooks.airflow.providers.standard.hooks.subprocess.SubprocessHook","filename":"subprocess.py","lineno":103}
{"timestamp":"2026-06-20T15:25:36.724301Z","level":"info","event":"Pushing xcom","ti":"RuntimeTaskInstance(id=UUID('019ee5a2-9f4f-77ed-8c9f-43ac0bba827d'), task_id='run_silver', dag_id='ecommerce_dbt_pipeline', run_id='scheduled__2026-06-20T15:25:00+00:00', try_number=1, dag_version_id=UUID('019ee480-d858-7755-9abf-f253f288f78b'), map_index=-1, hostname='8435f94d412b', context_carrier={}, task=<Task(BashOperator): run_silver>, bundle_instance=LocalDagBundle(name=dags-folder), max_tries=0, start_date=datetime.datetime(2026, 6, 20, 15, 25, 0, 859393, tzinfo=datetime.timezone.utc), end_date=None, state=<TaskInstanceState.RUNNING: 'running'>, is_mapped=False, rendered_map_index=None)","logger":"task","filename":"task_runner.py","lineno":1450}
