{"timestamp":"2026-06-20T10:29:03.003894Z","level":"info","event":"DAG bundles loaded: dags-folder","logger":"airflow.dag_processing.bundles.manager.DagBundlesManager","filename":"manager.py","lineno":179}
{"timestamp":"2026-06-20T10:29:03.008978Z","level":"info","event":"Filling up the DagBag from /opt/airflow/dags/ecom_pipeline_dag.py","logger":"airflow.models.dagbag.DagBag","filename":"dagbag.py","lineno":593}
{"timestamp":"2026-06-20T10:29:03.269154Z","level":"info","event":"Tmp dir root location: /tmp","logger":"airflow.task.hooks.airflow.providers.standard.hooks.subprocess.SubprocessHook","filename":"subprocess.py","lineno":78}
{"timestamp":"2026-06-20T10:29:03.274699Z","level":"info","event":"Running command: ['/usr/bin/bash', '-c', '\\n        cd /opt/airflow/dbt &&\\n        dbt run --select silver\\n        ']","logger":"airflow.task.hooks.airflow.providers.standard.hooks.subprocess.SubprocessHook","filename":"subprocess.py","lineno":80}
{"timestamp":"2026-06-20T10:29:03.287623Z","level":"info","event":"Output:","logger":"airflow.task.hooks.airflow.providers.standard.hooks.subprocess.SubprocessHook","filename":"subprocess.py","lineno":92}
{"timestamp":"2026-06-20T10:29:16.109060Z","level":"info","event":"\u001b[0m10:29:16  Running with dbt=1.11.11","logger":"airflow.task.hooks.airflow.providers.standard.hooks.subprocess.SubprocessHook","filename":"subprocess.py","lineno":99}
{"timestamp":"2026-06-20T10:29:33.866769Z","level":"info","event":"\u001b[0m10:29:33  Registered adapter: bigquery=1.8.2","logger":"airflow.task.hooks.airflow.providers.standard.hooks.subprocess.SubprocessHook","filename":"subprocess.py","lineno":99}
{"timestamp":"2026-06-20T10:29:35.958177Z","level":"info","event":"\u001b[0m10:29:35  Found 17 models, 102 data tests, 10 sources, 531 macros","logger":"airflow.task.hooks.airflow.providers.standard.hooks.subprocess.SubprocessHook","filename":"subprocess.py","lineno":99}
{"timestamp":"2026-06-20T10:29:35.969661Z","level":"info","event":"\u001b[0m10:29:35","logger":"airflow.task.hooks.airflow.providers.standard.hooks.subprocess.SubprocessHook","filename":"subprocess.py","lineno":99}
{"timestamp":"2026-06-20T10:29:35.971109Z","level":"info","event":"\u001b[0m10:29:35  Concurrency: 4 threads (target='dev')","logger":"airflow.task.hooks.airflow.providers.standard.hooks.subprocess.SubprocessHook","filename":"subprocess.py","lineno":99}
{"timestamp":"2026-06-20T10:29:35.972585Z","level":"info","event":"\u001b[0m10:29:35","logger":"airflow.task.hooks.airflow.providers.standard.hooks.subprocess.SubprocessHook","filename":"subprocess.py","lineno":99}
{"timestamp":"2026-06-20T10:29:40.306999Z","level":"info","event":"\u001b[0m10:29:40  1 of 6 START sql table model ecom_silver.silver_customers ...................... [RUN]","logger":"airflow.task.hooks.airflow.providers.standard.hooks.subprocess.SubprocessHook","filename":"subprocess.py","lineno":99}
{"timestamp":"2026-06-20T10:29:40.309851Z","level":"info","event":"\u001b[0m10:29:40  2 of 6 START sql table model ecom_silver.silver_order_items .................... [RUN]","logger":"airflow.task.hooks.airflow.providers.standard.hooks.subprocess.SubprocessHook","filename":"subprocess.py","lineno":99}
{"timestamp":"2026-06-20T10:29:40.314397Z","level":"info","event":"\u001b[0m10:29:40  3 of 6 START sql table model ecom_silver.silver_orders ......................... [RUN]","logger":"airflow.task.hooks.airflow.providers.standard.hooks.subprocess.SubprocessHook","filename":"subprocess.py","lineno":99}
{"timestamp":"2026-06-20T10:29:40.329617Z","level":"info","event":"\u001b[0m10:29:40  4 of 6 START sql table model ecom_silver.silver_payments ....................... [RUN]","logger":"airflow.task.hooks.airflow.providers.standard.hooks.subprocess.SubprocessHook","filename":"subprocess.py","lineno":99}
{"timestamp":"2026-06-20T10:29:46.079533Z","level":"info","event":"\u001b[0m10:29:46  2 of 6 OK created sql table model ecom_silver.silver_order_items ............... [\u001b[32mCREATE TABLE (112.7k rows, 53.6 MiB processed)\u001b[0m in 5.75s]","logger":"airflow.task.hooks.airflow.providers.standard.hooks.subprocess.SubprocessHook","filename":"subprocess.py","lineno":99}
{"timestamp":"2026-06-20T10:29:46.084542Z","level":"info","event":"\u001b[0m10:29:46  5 of 6 START sql table model ecom_silver.silver_products ....................... [RUN]","logger":"airflow.task.hooks.airflow.providers.standard.hooks.subprocess.SubprocessHook","filename":"subprocess.py","lineno":99}
{"timestamp":"2026-06-20T10:29:46.415848Z","level":"info","event":"\u001b[0m10:29:46  4 of 6 OK created sql table model ecom_silver.silver_payments .................. [\u001b[32mCREATE TABLE (103.9k rows, 41.8 MiB processed)\u001b[0m in 6.07s]","logger":"airflow.task.hooks.airflow.providers.standard.hooks.subprocess.SubprocessHook","filename":"subprocess.py","lineno":99}
{"timestamp":"2026-06-20T10:29:46.423783Z","level":"info","event":"\u001b[0m10:29:46  6 of 6 START sql table model ecom_silver.silver_sellers ........................ [RUN]","logger":"airflow.task.hooks.airflow.providers.standard.hooks.subprocess.SubprocessHook","filename":"subprocess.py","lineno":99}
{"timestamp":"2026-06-20T10:29:46.540562Z","level":"info","event":"\u001b[0m10:29:46  1 of 6 OK created sql table model ecom_silver.silver_customers ................. [\u001b[32mCREATE TABLE (99.4k rows, 42.2 MiB processed)\u001b[0m in 6.22s]","logger":"airflow.task.hooks.airflow.providers.standard.hooks.subprocess.SubprocessHook","filename":"subprocess.py","lineno":99}
{"timestamp":"2026-06-20T10:29:46.585578Z","level":"info","event":"\u001b[0m10:29:46  3 of 6 OK created sql table model ecom_silver.silver_orders .................... [\u001b[32mCREATE TABLE (99.4k rows, 46.9 MiB processed)\u001b[0m in 6.25s]","logger":"airflow.task.hooks.airflow.providers.standard.hooks.subprocess.SubprocessHook","filename":"subprocess.py","lineno":99}
{"timestamp":"2026-06-20T10:29:50.847027Z","level":"info","event":"\u001b[0m10:29:50  5 of 6 OK created sql table model ecom_silver.silver_products .................. [\u001b[32mCREATE TABLE (33.0k rows, 14.0 MiB processed)\u001b[0m in 4.75s]","logger":"airflow.task.hooks.airflow.providers.standard.hooks.subprocess.SubprocessHook","filename":"subprocess.py","lineno":99}
{"timestamp":"2026-06-20T10:29:50.951802Z","level":"info","event":"\u001b[0m10:29:50  6 of 6 OK created sql table model ecom_silver.silver_sellers ................... [\u001b[32mCREATE TABLE (3.1k rows, 1.2 MiB processed)\u001b[0m in 4.52s]","logger":"airflow.task.hooks.airflow.providers.standard.hooks.subprocess.SubprocessHook","filename":"subprocess.py","lineno":99}
{"timestamp":"2026-06-20T10:29:50.991325Z","level":"info","event":"\u001b[0m10:29:50","logger":"airflow.task.hooks.airflow.providers.standard.hooks.subprocess.SubprocessHook","filename":"subprocess.py","lineno":99}
{"timestamp":"2026-06-20T10:29:50.997528Z","level":"info","event":"\u001b[0m10:29:50  Finished running 6 table models in 0 hours 0 minutes and 15.02 seconds (15.02s).","logger":"airflow.task.hooks.airflow.providers.standard.hooks.subprocess.SubprocessHook","filename":"subprocess.py","lineno":99}
{"timestamp":"2026-06-20T10:29:51.944435Z","level":"info","event":"\u001b[0m10:29:51","logger":"airflow.task.hooks.airflow.providers.standard.hooks.subprocess.SubprocessHook","filename":"subprocess.py","lineno":99}
{"timestamp":"2026-06-20T10:29:51.951685Z","level":"info","event":"\u001b[0m10:29:51  \u001b[32mCompleted successfully\u001b[0m","logger":"airflow.task.hooks.airflow.providers.standard.hooks.subprocess.SubprocessHook","filename":"subprocess.py","lineno":99}
{"timestamp":"2026-06-20T10:29:51.953206Z","level":"info","event":"\u001b[0m10:29:51","logger":"airflow.task.hooks.airflow.providers.standard.hooks.subprocess.SubprocessHook","filename":"subprocess.py","lineno":99}
{"timestamp":"2026-06-20T10:29:51.955011Z","level":"info","event":"\u001b[0m10:29:51  Done. PASS=6 WARN=0 ERROR=0 SKIP=0 NO-OP=0 TOTAL=6","logger":"airflow.task.hooks.airflow.providers.standard.hooks.subprocess.SubprocessHook","filename":"subprocess.py","lineno":99}
{"timestamp":"2026-06-20T10:29:58.996950Z","level":"info","event":"Command exited with return code 0","logger":"airflow.task.hooks.airflow.providers.standard.hooks.subprocess.SubprocessHook","filename":"subprocess.py","lineno":103}
{"timestamp":"2026-06-20T10:29:59.025364Z","level":"info","event":"Pushing xcom","ti":"RuntimeTaskInstance(id=UUID('019ee491-74dc-7e13-a9e3-3cbcec27bbef'), task_id='run_silver', dag_id='ecommerce_dbt_pipeline', run_id='scheduled__2026-06-20T10:25:00+00:00', try_number=1, dag_version_id=UUID('019ee480-d858-7755-9abf-f253f288f78b'), map_index=-1, hostname='8435f94d412b', context_carrier={}, task=<Task(BashOperator): run_silver>, bundle_instance=LocalDagBundle(name=dags-folder), max_tries=0, start_date=datetime.datetime(2026, 6, 20, 10, 28, 49, 759300, tzinfo=datetime.timezone.utc), end_date=None, state=<TaskInstanceState.RUNNING: 'running'>, is_mapped=False, rendered_map_index=None)","logger":"task","filename":"task_runner.py","lineno":1450}
