{"timestamp":"2026-06-20T16:10:07.486485Z","level":"info","event":"DAG bundles loaded: dags-folder","logger":"airflow.dag_processing.bundles.manager.DagBundlesManager","filename":"manager.py","lineno":179}
{"timestamp":"2026-06-20T16:10:07.538620Z","level":"info","event":"Filling up the DagBag from /opt/airflow/dags/ecom_pipeline_dag.py","logger":"airflow.models.dagbag.DagBag","filename":"dagbag.py","lineno":593}
{"timestamp":"2026-06-20T16:10:10.188671Z","level":"info","event":"Tmp dir root location: /tmp","logger":"airflow.task.hooks.airflow.providers.standard.hooks.subprocess.SubprocessHook","filename":"subprocess.py","lineno":78}
{"timestamp":"2026-06-20T16:10:10.260944Z","level":"info","event":"Running command: ['/usr/bin/bash', '-c', '\\n        cd /opt/airflow/dbt &&\\n        dbt run --select silver\\n        ']","logger":"airflow.task.hooks.airflow.providers.standard.hooks.subprocess.SubprocessHook","filename":"subprocess.py","lineno":80}
{"timestamp":"2026-06-20T16:10:10.282785Z","level":"info","event":"Output:","logger":"airflow.task.hooks.airflow.providers.standard.hooks.subprocess.SubprocessHook","filename":"subprocess.py","lineno":92}
{"timestamp":"2026-06-20T16:10:18.484614Z","level":"info","event":"\u001b[0m16:10:18  Running with dbt=1.11.11","logger":"airflow.task.hooks.airflow.providers.standard.hooks.subprocess.SubprocessHook","filename":"subprocess.py","lineno":99}
{"timestamp":"2026-06-20T16:10:41.507351Z","level":"info","event":"\u001b[0m16:10:41  Registered adapter: bigquery=1.8.2","logger":"airflow.task.hooks.airflow.providers.standard.hooks.subprocess.SubprocessHook","filename":"subprocess.py","lineno":99}
{"timestamp":"2026-06-20T16:10:43.401114Z","level":"info","event":"\u001b[0m16:10:43  Found 17 models, 102 data tests, 10 sources, 531 macros","logger":"airflow.task.hooks.airflow.providers.standard.hooks.subprocess.SubprocessHook","filename":"subprocess.py","lineno":99}
{"timestamp":"2026-06-20T16:10:43.412253Z","level":"info","event":"\u001b[0m16:10:43","logger":"airflow.task.hooks.airflow.providers.standard.hooks.subprocess.SubprocessHook","filename":"subprocess.py","lineno":99}
{"timestamp":"2026-06-20T16:10:43.413930Z","level":"info","event":"\u001b[0m16:10:43  Concurrency: 4 threads (target='dev')","logger":"airflow.task.hooks.airflow.providers.standard.hooks.subprocess.SubprocessHook","filename":"subprocess.py","lineno":99}
{"timestamp":"2026-06-20T16:10:43.415341Z","level":"info","event":"\u001b[0m16:10:43","logger":"airflow.task.hooks.airflow.providers.standard.hooks.subprocess.SubprocessHook","filename":"subprocess.py","lineno":99}
{"timestamp":"2026-06-20T16:10:51.853191Z","level":"info","event":"\u001b[0m16:10:51  1 of 6 START sql table model ecom_silver.silver_customers ...................... [RUN]","logger":"airflow.task.hooks.airflow.providers.standard.hooks.subprocess.SubprocessHook","filename":"subprocess.py","lineno":99}
{"timestamp":"2026-06-20T16:10:51.860162Z","level":"info","event":"\u001b[0m16:10:51  2 of 6 START sql table model ecom_silver.silver_order_items .................... [RUN]","logger":"airflow.task.hooks.airflow.providers.standard.hooks.subprocess.SubprocessHook","filename":"subprocess.py","lineno":99}
{"timestamp":"2026-06-20T16:10:51.871783Z","level":"info","event":"\u001b[0m16:10:51  3 of 6 START sql table model ecom_silver.silver_orders ......................... [RUN]","logger":"airflow.task.hooks.airflow.providers.standard.hooks.subprocess.SubprocessHook","filename":"subprocess.py","lineno":99}
{"timestamp":"2026-06-20T16:10:51.875021Z","level":"info","event":"\u001b[0m16:10:51  4 of 6 START sql table model ecom_silver.silver_payments ....................... [RUN]","logger":"airflow.task.hooks.airflow.providers.standard.hooks.subprocess.SubprocessHook","filename":"subprocess.py","lineno":99}
{"timestamp":"2026-06-20T16:11:02.665211Z","level":"info","event":"\u001b[0m16:11:02  3 of 6 OK created sql table model ecom_silver.silver_orders .................... [\u001b[32mCREATE TABLE (99.4k rows, 46.9 MiB processed)\u001b[0m in 10.72s]","logger":"airflow.task.hooks.airflow.providers.standard.hooks.subprocess.SubprocessHook","filename":"subprocess.py","lineno":99}
{"timestamp":"2026-06-20T16:11:02.701168Z","level":"info","event":"\u001b[0m16:11:02  5 of 6 START sql table model ecom_silver.silver_products ....................... [RUN]","logger":"airflow.task.hooks.airflow.providers.standard.hooks.subprocess.SubprocessHook","filename":"subprocess.py","lineno":99}
{"timestamp":"2026-06-20T16:11:03.818262Z","level":"info","event":"\u001b[0m16:11:03  1 of 6 OK created sql table model ecom_silver.silver_customers ................. [\u001b[32mCREATE TABLE (99.4k rows, 42.2 MiB processed)\u001b[0m in 11.93s]","logger":"airflow.task.hooks.airflow.providers.standard.hooks.subprocess.SubprocessHook","filename":"subprocess.py","lineno":99}
{"timestamp":"2026-06-20T16:11:03.863956Z","level":"info","event":"\u001b[0m16:11:03  6 of 6 START sql table model ecom_silver.silver_sellers ........................ [RUN]","logger":"airflow.task.hooks.airflow.providers.standard.hooks.subprocess.SubprocessHook","filename":"subprocess.py","lineno":99}
{"timestamp":"2026-06-20T16:11:04.288680Z","level":"info","event":"\u001b[0m16:11:04  4 of 6 OK created sql table model ecom_silver.silver_payments .................. [\u001b[32mCREATE TABLE (103.9k rows, 41.8 MiB processed)\u001b[0m in 12.34s]","logger":"airflow.task.hooks.airflow.providers.standard.hooks.subprocess.SubprocessHook","filename":"subprocess.py","lineno":99}
{"timestamp":"2026-06-20T16:11:05.243030Z","level":"info","event":"\u001b[0m16:11:05  2 of 6 OK created sql table model ecom_silver.silver_order_items ............... [\u001b[32mCREATE TABLE (112.7k rows, 53.6 MiB processed)\u001b[0m in 13.35s]","logger":"airflow.task.hooks.airflow.providers.standard.hooks.subprocess.SubprocessHook","filename":"subprocess.py","lineno":99}
{"timestamp":"2026-06-20T16:11:10.823736Z","level":"info","event":"\u001b[0m16:11:10  6 of 6 OK created sql table model ecom_silver.silver_sellers ................... [\u001b[32mCREATE TABLE (3.1k rows, 1.2 MiB processed)\u001b[0m in 6.93s]","logger":"airflow.task.hooks.airflow.providers.standard.hooks.subprocess.SubprocessHook","filename":"subprocess.py","lineno":99}
{"timestamp":"2026-06-20T16:11:13.410344Z","level":"info","event":"\u001b[0m16:11:13  5 of 6 OK created sql table model ecom_silver.silver_products .................. [\u001b[32mCREATE TABLE (33.0k rows, 14.0 MiB processed)\u001b[0m in 10.70s]","logger":"airflow.task.hooks.airflow.providers.standard.hooks.subprocess.SubprocessHook","filename":"subprocess.py","lineno":99}
{"timestamp":"2026-06-20T16:11:13.445988Z","level":"info","event":"\u001b[0m16:11:13","logger":"airflow.task.hooks.airflow.providers.standard.hooks.subprocess.SubprocessHook","filename":"subprocess.py","lineno":99}
{"timestamp":"2026-06-20T16:11:13.449705Z","level":"info","event":"\u001b[0m16:11:13  Finished running 6 table models in 0 hours 0 minutes and 30.03 seconds (30.03s).","logger":"airflow.task.hooks.airflow.providers.standard.hooks.subprocess.SubprocessHook","filename":"subprocess.py","lineno":99}
{"timestamp":"2026-06-20T16:11:16.961196Z","level":"info","event":"\u001b[0m16:11:16","logger":"airflow.task.hooks.airflow.providers.standard.hooks.subprocess.SubprocessHook","filename":"subprocess.py","lineno":99}
{"timestamp":"2026-06-20T16:11:16.964959Z","level":"info","event":"\u001b[0m16:11:16  \u001b[32mCompleted successfully\u001b[0m","logger":"airflow.task.hooks.airflow.providers.standard.hooks.subprocess.SubprocessHook","filename":"subprocess.py","lineno":99}
{"timestamp":"2026-06-20T16:11:16.970704Z","level":"info","event":"\u001b[0m16:11:16","logger":"airflow.task.hooks.airflow.providers.standard.hooks.subprocess.SubprocessHook","filename":"subprocess.py","lineno":99}
{"timestamp":"2026-06-20T16:11:16.976689Z","level":"info","event":"\u001b[0m16:11:16  Done. PASS=6 WARN=0 ERROR=0 SKIP=0 NO-OP=0 TOTAL=6","logger":"airflow.task.hooks.airflow.providers.standard.hooks.subprocess.SubprocessHook","filename":"subprocess.py","lineno":99}
{"timestamp":"2026-06-20T16:11:22.540442Z","level":"info","event":"Command exited with return code 0","logger":"airflow.task.hooks.airflow.providers.standard.hooks.subprocess.SubprocessHook","filename":"subprocess.py","lineno":103}
{"timestamp":"2026-06-20T16:11:22.623267Z","level":"info","event":"Pushing xcom","ti":"RuntimeTaskInstance(id=UUID('019ee5cb-d51e-7076-8277-cca61902be64'), task_id='run_silver', dag_id='ecommerce_dbt_pipeline', run_id='scheduled__2026-06-20T16:10:00+00:00', try_number=1, dag_version_id=UUID('019ee480-d858-7755-9abf-f253f288f78b'), map_index=-1, hostname='8435f94d412b', context_carrier={}, task=<Task(BashOperator): run_silver>, bundle_instance=LocalDagBundle(name=dags-folder), max_tries=0, start_date=datetime.datetime(2026, 6, 20, 16, 10, 5, 620321, tzinfo=datetime.timezone.utc), end_date=None, state=<TaskInstanceState.RUNNING: 'running'>, is_mapped=False, rendered_map_index=None)","logger":"task","filename":"task_runner.py","lineno":1450}
