{"timestamp":"2026-06-20T06:35:49.113915Z","level":"info","event":"Filling up the DagBag from /opt/airflow/dags/ecom_pipeline_dag.py","logger":"airflow.models.dagbag.DagBag","filename":"dagbag.py","lineno":593}
{"timestamp":"2026-06-20T06:36:53.965783Z","level":"info","event":"Filling up the DagBag from /opt/airflow/dags/ecom_pipeline_dag.py","logger":"airflow.models.dagbag.DagBag","filename":"dagbag.py","lineno":593}
{"timestamp":"2026-06-20T06:37:27.297275Z","level":"info","event":"Filling up the DagBag from /opt/airflow/dags/ecom_pipeline_dag.py","logger":"airflow.models.dagbag.DagBag","filename":"dagbag.py","lineno":593}
{"timestamp":"2026-06-20T07:22:16.036654Z","level":"info","event":"Filling up the DagBag from /opt/airflow/dags/ecom_pipeline_dag.py","logger":"airflow.models.dagbag.DagBag","filename":"dagbag.py","lineno":593}
{"timestamp":"2026-06-20T07:23:19.659674Z","level":"info","event":"Filling up the DagBag from /opt/airflow/dags/ecom_pipeline_dag.py","logger":"airflow.models.dagbag.DagBag","filename":"dagbag.py","lineno":593}
{"timestamp":"2026-06-20T07:23:52.014550Z","level":"info","event":"Filling up the DagBag from /opt/airflow/dags/ecom_pipeline_dag.py","logger":"airflow.models.dagbag.DagBag","filename":"dagbag.py","lineno":593}
{"timestamp":"2026-06-20T07:24:22.880176Z","level":"info","event":"Filling up the DagBag from /opt/airflow/dags/ecom_pipeline_dag.py","logger":"airflow.models.dagbag.DagBag","filename":"dagbag.py","lineno":593}
{"timestamp":"2026-06-20T07:24:53.582289Z","level":"info","event":"Filling up the DagBag from /opt/airflow/dags/ecom_pipeline_dag.py","logger":"airflow.models.dagbag.DagBag","filename":"dagbag.py","lineno":593}
{"timestamp":"2026-06-20T07:25:24.439793Z","level":"info","event":"Filling up the DagBag from /opt/airflow/dags/ecom_pipeline_dag.py","logger":"airflow.models.dagbag.DagBag","filename":"dagbag.py","lineno":593}
{"timestamp":"2026-06-20T07:25:55.000023Z","level":"info","event":"Filling up the DagBag from /opt/airflow/dags/ecom_pipeline_dag.py","logger":"airflow.models.dagbag.DagBag","filename":"dagbag.py","lineno":593}
{"timestamp":"2026-06-20T07:26:25.824159Z","level":"info","event":"Filling up the DagBag from /opt/airflow/dags/ecom_pipeline_dag.py","logger":"airflow.models.dagbag.DagBag","filename":"dagbag.py","lineno":593}
{"timestamp":"2026-06-20T07:26:56.385761Z","level":"info","event":"Filling up the DagBag from /opt/airflow/dags/ecom_pipeline_dag.py","logger":"airflow.models.dagbag.DagBag","filename":"dagbag.py","lineno":593}
{"timestamp":"2026-06-20T07:27:26.931026Z","level":"info","event":"Filling up the DagBag from /opt/airflow/dags/ecom_pipeline_dag.py","logger":"airflow.models.dagbag.DagBag","filename":"dagbag.py","lineno":593}
{"timestamp":"2026-06-20T07:27:57.441461Z","level":"info","event":"Filling up the DagBag from /opt/airflow/dags/ecom_pipeline_dag.py","logger":"airflow.models.dagbag.DagBag","filename":"dagbag.py","lineno":593}
{"timestamp":"2026-06-20T07:28:29.322542Z","level":"info","event":"Filling up the DagBag from /opt/airflow/dags/ecom_pipeline_dag.py","logger":"airflow.models.dagbag.DagBag","filename":"dagbag.py","lineno":593}
{"timestamp":"2026-06-20T07:29:00.573945Z","level":"info","event":"Filling up the DagBag from /opt/airflow/dags/ecom_pipeline_dag.py","logger":"airflow.models.dagbag.DagBag","filename":"dagbag.py","lineno":593}
{"timestamp":"2026-06-20T07:29:32.098242Z","level":"info","event":"Filling up the DagBag from /opt/airflow/dags/ecom_pipeline_dag.py","logger":"airflow.models.dagbag.DagBag","filename":"dagbag.py","lineno":593}
{"timestamp":"2026-06-20T07:30:02.731929Z","level":"info","event":"Filling up the DagBag from /opt/airflow/dags/ecom_pipeline_dag.py","logger":"airflow.models.dagbag.DagBag","filename":"dagbag.py","lineno":593}
{"timestamp":"2026-06-20T07:30:33.397703Z","level":"info","event":"Filling up the DagBag from /opt/airflow/dags/ecom_pipeline_dag.py","logger":"airflow.models.dagbag.DagBag","filename":"dagbag.py","lineno":593}
{"timestamp":"2026-06-20T07:31:04.349164Z","level":"info","event":"Filling up the DagBag from /opt/airflow/dags/ecom_pipeline_dag.py","logger":"airflow.models.dagbag.DagBag","filename":"dagbag.py","lineno":593}
{"timestamp":"2026-06-20T07:31:34.815007Z","level":"info","event":"Filling up the DagBag from /opt/airflow/dags/ecom_pipeline_dag.py","logger":"airflow.models.dagbag.DagBag","filename":"dagbag.py","lineno":593}
{"timestamp":"2026-06-20T07:32:05.923449Z","level":"info","event":"Filling up the DagBag from /opt/airflow/dags/ecom_pipeline_dag.py","logger":"airflow.models.dagbag.DagBag","filename":"dagbag.py","lineno":593}
{"timestamp":"2026-06-20T07:32:36.098269Z","level":"info","event":"Filling up the DagBag from /opt/airflow/dags/ecom_pipeline_dag.py","logger":"airflow.models.dagbag.DagBag","filename":"dagbag.py","lineno":593}
{"timestamp":"2026-06-20T07:33:07.099883Z","level":"info","event":"Filling up the DagBag from /opt/airflow/dags/ecom_pipeline_dag.py","logger":"airflow.models.dagbag.DagBag","filename":"dagbag.py","lineno":593}
{"timestamp":"2026-06-20T07:33:37.340108Z","level":"info","event":"Filling up the DagBag from /opt/airflow/dags/ecom_pipeline_dag.py","logger":"airflow.models.dagbag.DagBag","filename":"dagbag.py","lineno":593}
{"timestamp":"2026-06-20T07:34:07.853338Z","level":"info","event":"Filling up the DagBag from /opt/airflow/dags/ecom_pipeline_dag.py","logger":"airflow.models.dagbag.DagBag","filename":"dagbag.py","lineno":593}
{"timestamp":"2026-06-20T07:34:38.350663Z","level":"info","event":"Filling up the DagBag from /opt/airflow/dags/ecom_pipeline_dag.py","logger":"airflow.models.dagbag.DagBag","filename":"dagbag.py","lineno":593}
{"timestamp":"2026-06-20T07:35:08.717393Z","level":"info","event":"Filling up the DagBag from /opt/airflow/dags/ecom_pipeline_dag.py","logger":"airflow.models.dagbag.DagBag","filename":"dagbag.py","lineno":593}
{"timestamp":"2026-06-20T07:35:39.223394Z","level":"info","event":"Filling up the DagBag from /opt/airflow/dags/ecom_pipeline_dag.py","logger":"airflow.models.dagbag.DagBag","filename":"dagbag.py","lineno":593}
{"timestamp":"2026-06-20T07:36:09.655406Z","level":"info","event":"Filling up the DagBag from /opt/airflow/dags/ecom_pipeline_dag.py","logger":"airflow.models.dagbag.DagBag","filename":"dagbag.py","lineno":593}
{"timestamp":"2026-06-20T07:36:40.270838Z","level":"info","event":"Filling up the DagBag from /opt/airflow/dags/ecom_pipeline_dag.py","logger":"airflow.models.dagbag.DagBag","filename":"dagbag.py","lineno":593}
{"timestamp":"2026-06-20T07:37:10.700141Z","level":"info","event":"Filling up the DagBag from /opt/airflow/dags/ecom_pipeline_dag.py","logger":"airflow.models.dagbag.DagBag","filename":"dagbag.py","lineno":593}
{"timestamp":"2026-06-20T07:37:41.421942Z","level":"info","event":"Filling up the DagBag from /opt/airflow/dags/ecom_pipeline_dag.py","logger":"airflow.models.dagbag.DagBag","filename":"dagbag.py","lineno":593}
{"timestamp":"2026-06-20T07:38:12.342474Z","level":"info","event":"Filling up the DagBag from /opt/airflow/dags/ecom_pipeline_dag.py","logger":"airflow.models.dagbag.DagBag","filename":"dagbag.py","lineno":593}
{"timestamp":"2026-06-20T07:38:42.615250Z","level":"info","event":"Filling up the DagBag from /opt/airflow/dags/ecom_pipeline_dag.py","logger":"airflow.models.dagbag.DagBag","filename":"dagbag.py","lineno":593}
{"timestamp":"2026-06-20T07:39:13.340933Z","level":"info","event":"Filling up the DagBag from /opt/airflow/dags/ecom_pipeline_dag.py","logger":"airflow.models.dagbag.DagBag","filename":"dagbag.py","lineno":593}
{"timestamp":"2026-06-20T07:39:43.865184Z","level":"info","event":"Filling up the DagBag from /opt/airflow/dags/ecom_pipeline_dag.py","logger":"airflow.models.dagbag.DagBag","filename":"dagbag.py","lineno":593}
{"timestamp":"2026-06-20T07:40:14.221819Z","level":"info","event":"Filling up the DagBag from /opt/airflow/dags/ecom_pipeline_dag.py","logger":"airflow.models.dagbag.DagBag","filename":"dagbag.py","lineno":593}
{"timestamp":"2026-06-20T07:40:44.856591Z","level":"info","event":"Filling up the DagBag from /opt/airflow/dags/ecom_pipeline_dag.py","logger":"airflow.models.dagbag.DagBag","filename":"dagbag.py","lineno":593}
{"timestamp":"2026-06-20T07:41:16.188181Z","level":"info","event":"Filling up the DagBag from /opt/airflow/dags/ecom_pipeline_dag.py","logger":"airflow.models.dagbag.DagBag","filename":"dagbag.py","lineno":593}
{"timestamp":"2026-06-20T07:41:48.665909Z","level":"info","event":"Filling up the DagBag from /opt/airflow/dags/ecom_pipeline_dag.py","logger":"airflow.models.dagbag.DagBag","filename":"dagbag.py","lineno":593}
{"timestamp":"2026-06-20T07:42:19.615954Z","level":"info","event":"Filling up the DagBag from /opt/airflow/dags/ecom_pipeline_dag.py","logger":"airflow.models.dagbag.DagBag","filename":"dagbag.py","lineno":593}
{"timestamp":"2026-06-20T07:42:50.096831Z","level":"info","event":"Filling up the DagBag from /opt/airflow/dags/ecom_pipeline_dag.py","logger":"airflow.models.dagbag.DagBag","filename":"dagbag.py","lineno":593}
{"timestamp":"2026-06-20T07:43:20.856083Z","level":"info","event":"Filling up the DagBag from /opt/airflow/dags/ecom_pipeline_dag.py","logger":"airflow.models.dagbag.DagBag","filename":"dagbag.py","lineno":593}
{"timestamp":"2026-06-20T07:43:51.677085Z","level":"info","event":"Filling up the DagBag from /opt/airflow/dags/ecom_pipeline_dag.py","logger":"airflow.models.dagbag.DagBag","filename":"dagbag.py","lineno":593}
{"timestamp":"2026-06-20T07:44:22.053404Z","level":"info","event":"Filling up the DagBag from /opt/airflow/dags/ecom_pipeline_dag.py","logger":"airflow.models.dagbag.DagBag","filename":"dagbag.py","lineno":593}
{"timestamp":"2026-06-20T07:44:52.693414Z","level":"info","event":"Filling up the DagBag from /opt/airflow/dags/ecom_pipeline_dag.py","logger":"airflow.models.dagbag.DagBag","filename":"dagbag.py","lineno":593}
{"timestamp":"2026-06-20T07:45:23.107857Z","level":"info","event":"Filling up the DagBag from /opt/airflow/dags/ecom_pipeline_dag.py","logger":"airflow.models.dagbag.DagBag","filename":"dagbag.py","lineno":593}
{"timestamp":"2026-06-20T07:45:54.160131Z","level":"info","event":"Filling up the DagBag from /opt/airflow/dags/ecom_pipeline_dag.py","logger":"airflow.models.dagbag.DagBag","filename":"dagbag.py","lineno":593}
{"timestamp":"2026-06-20T07:46:24.604438Z","level":"info","event":"Filling up the DagBag from /opt/airflow/dags/ecom_pipeline_dag.py","logger":"airflow.models.dagbag.DagBag","filename":"dagbag.py","lineno":593}
{"timestamp":"2026-06-20T07:46:55.286489Z","level":"info","event":"Filling up the DagBag from /opt/airflow/dags/ecom_pipeline_dag.py","logger":"airflow.models.dagbag.DagBag","filename":"dagbag.py","lineno":593}
{"timestamp":"2026-06-20T07:47:26.104864Z","level":"info","event":"Filling up the DagBag from /opt/airflow/dags/ecom_pipeline_dag.py","logger":"airflow.models.dagbag.DagBag","filename":"dagbag.py","lineno":593}
{"timestamp":"2026-06-20T07:47:56.962402Z","level":"info","event":"Filling up the DagBag from /opt/airflow/dags/ecom_pipeline_dag.py","logger":"airflow.models.dagbag.DagBag","filename":"dagbag.py","lineno":593}
{"timestamp":"2026-06-20T07:48:27.775467Z","level":"info","event":"Filling up the DagBag from /opt/airflow/dags/ecom_pipeline_dag.py","logger":"airflow.models.dagbag.DagBag","filename":"dagbag.py","lineno":593}
{"timestamp":"2026-06-20T07:48:58.342378Z","level":"info","event":"Filling up the DagBag from /opt/airflow/dags/ecom_pipeline_dag.py","logger":"airflow.models.dagbag.DagBag","filename":"dagbag.py","lineno":593}
{"timestamp":"2026-06-20T07:49:29.287505Z","level":"info","event":"Filling up the DagBag from /opt/airflow/dags/ecom_pipeline_dag.py","logger":"airflow.models.dagbag.DagBag","filename":"dagbag.py","lineno":593}
{"timestamp":"2026-06-20T07:50:00.670162Z","level":"info","event":"Filling up the DagBag from /opt/airflow/dags/ecom_pipeline_dag.py","logger":"airflow.models.dagbag.DagBag","filename":"dagbag.py","lineno":593}
{"timestamp":"2026-06-20T07:50:31.369649Z","level":"info","event":"Filling up the DagBag from /opt/airflow/dags/ecom_pipeline_dag.py","logger":"airflow.models.dagbag.DagBag","filename":"dagbag.py","lineno":593}
{"timestamp":"2026-06-20T07:51:02.178535Z","level":"info","event":"Filling up the DagBag from /opt/airflow/dags/ecom_pipeline_dag.py","logger":"airflow.models.dagbag.DagBag","filename":"dagbag.py","lineno":593}
{"timestamp":"2026-06-20T07:51:32.910511Z","level":"info","event":"Filling up the DagBag from /opt/airflow/dags/ecom_pipeline_dag.py","logger":"airflow.models.dagbag.DagBag","filename":"dagbag.py","lineno":593}
{"timestamp":"2026-06-20T09:53:32.068177Z","level":"info","event":"Filling up the DagBag from /opt/airflow/dags/ecom_pipeline_dag.py","logger":"airflow.models.dagbag.DagBag","filename":"dagbag.py","lineno":593}
{"timestamp":"2026-06-20T09:54:03.018255Z","level":"info","event":"Filling up the DagBag from /opt/airflow/dags/ecom_pipeline_dag.py","logger":"airflow.models.dagbag.DagBag","filename":"dagbag.py","lineno":593}
{"timestamp":"2026-06-20T09:54:35.092310Z","level":"info","event":"Filling up the DagBag from /opt/airflow/dags/ecom_pipeline_dag.py","logger":"airflow.models.dagbag.DagBag","filename":"dagbag.py","lineno":593}
{"timestamp":"2026-06-20T09:55:08.147190Z","level":"info","event":"Filling up the DagBag from /opt/airflow/dags/ecom_pipeline_dag.py","logger":"airflow.models.dagbag.DagBag","filename":"dagbag.py","lineno":593}
{"timestamp":"2026-06-20T09:55:39.151220Z","level":"info","event":"Filling up the DagBag from /opt/airflow/dags/ecom_pipeline_dag.py","logger":"airflow.models.dagbag.DagBag","filename":"dagbag.py","lineno":593}
{"timestamp":"2026-06-20T09:56:11.185395Z","level":"info","event":"Filling up the DagBag from /opt/airflow/dags/ecom_pipeline_dag.py","logger":"airflow.models.dagbag.DagBag","filename":"dagbag.py","lineno":593}
{"timestamp":"2026-06-20T09:56:42.860294Z","level":"info","event":"Filling up the DagBag from /opt/airflow/dags/ecom_pipeline_dag.py","logger":"airflow.models.dagbag.DagBag","filename":"dagbag.py","lineno":593}
{"timestamp":"2026-06-20T09:57:13.658580Z","level":"info","event":"Filling up the DagBag from /opt/airflow/dags/ecom_pipeline_dag.py","logger":"airflow.models.dagbag.DagBag","filename":"dagbag.py","lineno":593}
{"timestamp":"2026-06-20T09:57:44.755000Z","level":"info","event":"Filling up the DagBag from /opt/airflow/dags/ecom_pipeline_dag.py","logger":"airflow.models.dagbag.DagBag","filename":"dagbag.py","lineno":593}
{"timestamp":"2026-06-20T09:58:15.618880Z","level":"info","event":"Filling up the DagBag from /opt/airflow/dags/ecom_pipeline_dag.py","logger":"airflow.models.dagbag.DagBag","filename":"dagbag.py","lineno":593}
{"timestamp":"2026-06-20T09:58:46.644487Z","level":"info","event":"Filling up the DagBag from /opt/airflow/dags/ecom_pipeline_dag.py","logger":"airflow.models.dagbag.DagBag","filename":"dagbag.py","lineno":593}
{"timestamp":"2026-06-20T09:59:17.223364Z","level":"info","event":"Filling up the DagBag from /opt/airflow/dags/ecom_pipeline_dag.py","logger":"airflow.models.dagbag.DagBag","filename":"dagbag.py","lineno":593}
{"timestamp":"2026-06-20T09:59:47.971270Z","level":"info","event":"Filling up the DagBag from /opt/airflow/dags/ecom_pipeline_dag.py","logger":"airflow.models.dagbag.DagBag","filename":"dagbag.py","lineno":593}
{"timestamp":"2026-06-20T10:00:18.342845Z","level":"info","event":"Filling up the DagBag from /opt/airflow/dags/ecom_pipeline_dag.py","logger":"airflow.models.dagbag.DagBag","filename":"dagbag.py","lineno":593}
{"timestamp":"2026-06-20T10:00:49.009627Z","level":"info","event":"Filling up the DagBag from /opt/airflow/dags/ecom_pipeline_dag.py","logger":"airflow.models.dagbag.DagBag","filename":"dagbag.py","lineno":593}
{"timestamp":"2026-06-20T10:01:20.155278Z","level":"info","event":"Filling up the DagBag from /opt/airflow/dags/ecom_pipeline_dag.py","logger":"airflow.models.dagbag.DagBag","filename":"dagbag.py","lineno":593}
{"timestamp":"2026-06-20T10:01:50.808427Z","level":"info","event":"Filling up the DagBag from /opt/airflow/dags/ecom_pipeline_dag.py","logger":"airflow.models.dagbag.DagBag","filename":"dagbag.py","lineno":593}
{"timestamp":"2026-06-20T10:02:21.131535Z","level":"info","event":"Filling up the DagBag from /opt/airflow/dags/ecom_pipeline_dag.py","logger":"airflow.models.dagbag.DagBag","filename":"dagbag.py","lineno":593}
{"timestamp":"2026-06-20T10:02:52.114475Z","level":"info","event":"Filling up the DagBag from /opt/airflow/dags/ecom_pipeline_dag.py","logger":"airflow.models.dagbag.DagBag","filename":"dagbag.py","lineno":593}
{"timestamp":"2026-06-20T10:03:22.451771Z","level":"info","event":"Filling up the DagBag from /opt/airflow/dags/ecom_pipeline_dag.py","logger":"airflow.models.dagbag.DagBag","filename":"dagbag.py","lineno":593}
{"timestamp":"2026-06-20T10:03:52.727579Z","level":"info","event":"Filling up the DagBag from /opt/airflow/dags/ecom_pipeline_dag.py","logger":"airflow.models.dagbag.DagBag","filename":"dagbag.py","lineno":593}
{"timestamp":"2026-06-20T10:03:54.115716Z","level":"info","event":"Filling up the DagBag from /opt/airflow/dags/ecom_pipeline_dag.py","logger":"airflow.models.dagbag.DagBag","filename":"dagbag.py","lineno":593}
{"timestamp":"2026-06-20T10:03:54.269029Z","level":"error","event":"Failed to import: /opt/airflow/dags/ecom_pipeline_dag.py","logger":"airflow.models.dagbag.DagBag","filename":"dagbag.py","lineno":415,"error_detail":[{"exc_type":"SyntaxError","exc_value":"positional argument follows keyword argument (ecom_pipeline_dag.py, line 11)","exc_notes":[],"syntax_error":{"offset":1,"filename":"/opt/airflow/dags/ecom_pipeline_dag.py","line":") as dag:\n","lineno":11,"msg":"positional argument follows keyword argument"},"is_cause":false,"frames":[{"filename":"/home/airflow/.local/lib/python3.12/site-packages/airflow/models/dagbag.py","lineno":405,"name":"parse"},{"filename":"<frozen importlib._bootstrap_external>","lineno":995,"name":"exec_module"},{"filename":"<frozen importlib._bootstrap_external>","lineno":1133,"name":"get_code"},{"filename":"<frozen importlib._bootstrap_external>","lineno":1063,"name":"source_to_code"},{"filename":"<frozen importlib._bootstrap>","lineno":488,"name":"_call_with_frames_removed"}],"is_group":false,"exceptions":[]}]}
{"timestamp":"2026-06-20T10:03:57.900780Z","level":"info","event":"Filling up the DagBag from /opt/airflow/dags/ecom_pipeline_dag.py","logger":"airflow.models.dagbag.DagBag","filename":"dagbag.py","lineno":593}
{"timestamp":"2026-06-20T10:03:57.924867Z","level":"error","event":"Failed to import: /opt/airflow/dags/ecom_pipeline_dag.py","logger":"airflow.models.dagbag.DagBag","filename":"dagbag.py","lineno":415,"error_detail":[{"exc_type":"SyntaxError","exc_value":"invalid syntax. Perhaps you forgot a comma? (ecom_pipeline_dag.py, line 8)","exc_notes":[],"syntax_error":{"offset":5,"filename":"/opt/airflow/dags/ecom_pipeline_dag.py","line":"    star\n","lineno":8,"msg":"invalid syntax. Perhaps you forgot a comma?"},"is_cause":false,"frames":[{"filename":"/home/airflow/.local/lib/python3.12/site-packages/airflow/models/dagbag.py","lineno":405,"name":"parse"},{"filename":"<frozen importlib._bootstrap_external>","lineno":995,"name":"exec_module"},{"filename":"<frozen importlib._bootstrap_external>","lineno":1133,"name":"get_code"},{"filename":"<frozen importlib._bootstrap_external>","lineno":1063,"name":"source_to_code"},{"filename":"<frozen importlib._bootstrap>","lineno":488,"name":"_call_with_frames_removed"}],"is_group":false,"exceptions":[]}]}
{"timestamp":"2026-06-20T10:04:03.572497Z","level":"info","event":"Filling up the DagBag from /opt/airflow/dags/ecom_pipeline_dag.py","logger":"airflow.models.dagbag.DagBag","filename":"dagbag.py","lineno":593}
{"timestamp":"2026-06-20T10:04:03.668402Z","level":"error","event":"Failed to import: /opt/airflow/dags/ecom_pipeline_dag.py","logger":"airflow.models.dagbag.DagBag","filename":"dagbag.py","lineno":415,"error_detail":[{"exc_type":"SyntaxError","exc_value":"invalid syntax. Perhaps you forgot a comma? (ecom_pipeline_dag.py, line 8)","exc_notes":[],"syntax_error":{"offset":5,"filename":"/opt/airflow/dags/ecom_pipeline_dag.py","line":"    StopAsyncIteration\n","lineno":8,"msg":"invalid syntax. Perhaps you forgot a comma?"},"is_cause":false,"frames":[{"filename":"/home/airflow/.local/lib/python3.12/site-packages/airflow/models/dagbag.py","lineno":405,"name":"parse"},{"filename":"<frozen importlib._bootstrap_external>","lineno":995,"name":"exec_module"},{"filename":"<frozen importlib._bootstrap_external>","lineno":1133,"name":"get_code"},{"filename":"<frozen importlib._bootstrap_external>","lineno":1063,"name":"source_to_code"},{"filename":"<frozen importlib._bootstrap>","lineno":488,"name":"_call_with_frames_removed"}],"is_group":false,"exceptions":[]}]}
{"timestamp":"2026-06-20T10:04:06.040019Z","level":"info","event":"Filling up the DagBag from /opt/airflow/dags/ecom_pipeline_dag.py","logger":"airflow.models.dagbag.DagBag","filename":"dagbag.py","lineno":593}
{"timestamp":"2026-06-20T10:04:06.464782Z","level":"error","event":"Failed to import: /opt/airflow/dags/ecom_pipeline_dag.py","logger":"airflow.models.dagbag.DagBag","filename":"dagbag.py","lineno":415,"error_detail":[{"exc_type":"SyntaxError","exc_value":"invalid syntax. Perhaps you forgot a comma? (ecom_pipeline_dag.py, line 8)","exc_notes":[],"syntax_error":{"offset":5,"filename":"/opt/airflow/dags/ecom_pipeline_dag.py","line":"    star\n","lineno":8,"msg":"invalid syntax. Perhaps you forgot a comma?"},"is_cause":false,"frames":[{"filename":"/home/airflow/.local/lib/python3.12/site-packages/airflow/models/dagbag.py","lineno":405,"name":"parse"},{"filename":"<frozen importlib._bootstrap_external>","lineno":995,"name":"exec_module"},{"filename":"<frozen importlib._bootstrap_external>","lineno":1133,"name":"get_code"},{"filename":"<frozen importlib._bootstrap_external>","lineno":1063,"name":"source_to_code"},{"filename":"<frozen importlib._bootstrap>","lineno":488,"name":"_call_with_frames_removed"}],"is_group":false,"exceptions":[]}]}
{"timestamp":"2026-06-20T10:04:08.069548Z","level":"info","event":"Filling up the DagBag from /opt/airflow/dags/ecom_pipeline_dag.py","logger":"airflow.models.dagbag.DagBag","filename":"dagbag.py","lineno":593}
{"timestamp":"2026-06-20T10:04:16.319102Z","level":"info","event":"Filling up the DagBag from /opt/airflow/dags/ecom_pipeline_dag.py","logger":"airflow.models.dagbag.DagBag","filename":"dagbag.py","lineno":593}
{"timestamp":"2026-06-20T10:04:16.355210Z","level":"error","event":"Failed to import: /opt/airflow/dags/ecom_pipeline_dag.py","logger":"airflow.models.dagbag.DagBag","filename":"dagbag.py","lineno":415,"error_detail":[{"exc_type":"NameError","exc_value":"name 'yea' is not defined","exc_notes":[],"syntax_error":null,"is_cause":false,"frames":[{"filename":"/home/airflow/.local/lib/python3.12/site-packages/airflow/models/dagbag.py","lineno":405,"name":"parse"},{"filename":"<frozen importlib._bootstrap_external>","lineno":999,"name":"exec_module"},{"filename":"<frozen importlib._bootstrap>","lineno":488,"name":"_call_with_frames_removed"},{"filename":"/opt/airflow/dags/ecom_pipeline_dag.py","lineno":8,"name":"<module>"}],"is_group":false,"exceptions":[]}]}
{"timestamp":"2026-06-20T10:04:18.500904Z","level":"info","event":"Filling up the DagBag from /opt/airflow/dags/ecom_pipeline_dag.py","logger":"airflow.models.dagbag.DagBag","filename":"dagbag.py","lineno":593}
{"timestamp":"2026-06-20T10:04:20.688689Z","level":"info","event":"Filling up the DagBag from /opt/airflow/dags/ecom_pipeline_dag.py","logger":"airflow.models.dagbag.DagBag","filename":"dagbag.py","lineno":593}
{"timestamp":"2026-06-20T10:04:29.631141Z","level":"info","event":"Filling up the DagBag from /opt/airflow/dags/ecom_pipeline_dag.py","logger":"airflow.models.dagbag.DagBag","filename":"dagbag.py","lineno":593}
{"timestamp":"2026-06-20T10:04:40.000338Z","level":"info","event":"Filling up the DagBag from /opt/airflow/dags/ecom_pipeline_dag.py","logger":"airflow.models.dagbag.DagBag","filename":"dagbag.py","lineno":593}
{"timestamp":"2026-06-20T10:04:40.026416Z","level":"error","event":"Failed to import: /opt/airflow/dags/ecom_pipeline_dag.py","logger":"airflow.models.dagbag.DagBag","filename":"dagbag.py","lineno":415,"error_detail":[{"exc_type":"SyntaxError","exc_value":"invalid syntax (ecom_pipeline_dag.py, line 9)","exc_notes":[],"syntax_error":{"offset":14,"filename":"/opt/airflow/dags/ecom_pipeline_dag.py","line":"    schedule=@,\n","lineno":9,"msg":"invalid syntax"},"is_cause":false,"frames":[{"filename":"/home/airflow/.local/lib/python3.12/site-packages/airflow/models/dagbag.py","lineno":405,"name":"parse"},{"filename":"<frozen importlib._bootstrap_external>","lineno":995,"name":"exec_module"},{"filename":"<frozen importlib._bootstrap_external>","lineno":1133,"name":"get_code"},{"filename":"<frozen importlib._bootstrap_external>","lineno":1063,"name":"source_to_code"},{"filename":"<frozen importlib._bootstrap>","lineno":488,"name":"_call_with_frames_removed"}],"is_group":false,"exceptions":[]}]}
{"timestamp":"2026-06-20T10:04:41.141329Z","level":"info","event":"Filling up the DagBag from /opt/airflow/dags/ecom_pipeline_dag.py","logger":"airflow.models.dagbag.DagBag","filename":"dagbag.py","lineno":593}
{"timestamp":"2026-06-20T10:04:41.170144Z","level":"error","event":"Failed to import: /opt/airflow/dags/ecom_pipeline_dag.py","logger":"airflow.models.dagbag.DagBag","filename":"dagbag.py","lineno":415,"error_detail":[{"exc_type":"SyntaxError","exc_value":"invalid syntax (ecom_pipeline_dag.py, line 9)","exc_notes":[],"syntax_error":{"offset":14,"filename":"/opt/airflow/dags/ecom_pipeline_dag.py","line":"    schedule=@daily,\n","lineno":9,"msg":"invalid syntax"},"is_cause":false,"frames":[{"filename":"/home/airflow/.local/lib/python3.12/site-packages/airflow/models/dagbag.py","lineno":405,"name":"parse"},{"filename":"<frozen importlib._bootstrap_external>","lineno":995,"name":"exec_module"},{"filename":"<frozen importlib._bootstrap_external>","lineno":1133,"name":"get_code"},{"filename":"<frozen importlib._bootstrap_external>","lineno":1063,"name":"source_to_code"},{"filename":"<frozen importlib._bootstrap>","lineno":488,"name":"_call_with_frames_removed"}],"is_group":false,"exceptions":[]}]}
{"timestamp":"2026-06-20T10:04:52.368536Z","level":"info","event":"Filling up the DagBag from /opt/airflow/dags/ecom_pipeline_dag.py","logger":"airflow.models.dagbag.DagBag","filename":"dagbag.py","lineno":593}
{"timestamp":"2026-06-20T10:05:11.459698Z","level":"info","event":"Filling up the DagBag from /opt/airflow/dags/ecom_pipeline_dag.py","logger":"airflow.models.dagbag.DagBag","filename":"dagbag.py","lineno":593}
{"timestamp":"2026-06-20T10:05:11.509913Z","level":"error","event":"Failed to import: /opt/airflow/dags/ecom_pipeline_dag.py","logger":"airflow.models.dagbag.DagBag","filename":"dagbag.py","lineno":415,"error_detail":[{"exc_type":"SyntaxError","exc_value":"invalid syntax. Perhaps you forgot a comma? (ecom_pipeline_dag.py, line 10)","exc_notes":[],"syntax_error":{"offset":5,"filename":"/opt/airflow/dags/ecom_pipeline_dag.py","line":"    is_\n","lineno":10,"msg":"invalid syntax. Perhaps you forgot a comma?"},"is_cause":false,"frames":[{"filename":"/home/airflow/.local/lib/python3.12/site-packages/airflow/models/dagbag.py","lineno":405,"name":"parse"},{"filename":"<frozen importlib._bootstrap_external>","lineno":995,"name":"exec_module"},{"filename":"<frozen importlib._bootstrap_external>","lineno":1133,"name":"get_code"},{"filename":"<frozen importlib._bootstrap_external>","lineno":1063,"name":"source_to_code"},{"filename":"<frozen importlib._bootstrap>","lineno":488,"name":"_call_with_frames_removed"}],"is_group":false,"exceptions":[]}]}
{"timestamp":"2026-06-20T10:05:12.785249Z","level":"info","event":"Filling up the DagBag from /opt/airflow/dags/ecom_pipeline_dag.py","logger":"airflow.models.dagbag.DagBag","filename":"dagbag.py","lineno":593}
{"timestamp":"2026-06-20T10:05:22.569002Z","level":"info","event":"Filling up the DagBag from /opt/airflow/dags/ecom_pipeline_dag.py","logger":"airflow.models.dagbag.DagBag","filename":"dagbag.py","lineno":593}
{"timestamp":"2026-06-20T10:05:22.616496Z","level":"error","event":"Failed to import: /opt/airflow/dags/ecom_pipeline_dag.py","logger":"airflow.models.dagbag.DagBag","filename":"dagbag.py","lineno":415,"error_detail":[{"exc_type":"NameError","exc_value":"name 'fal' is not defined","exc_notes":[],"syntax_error":null,"is_cause":false,"frames":[{"filename":"/home/airflow/.local/lib/python3.12/site-packages/airflow/models/dagbag.py","lineno":405,"name":"parse"},{"filename":"<frozen importlib._bootstrap_external>","lineno":999,"name":"exec_module"},{"filename":"<frozen importlib._bootstrap>","lineno":488,"name":"_call_with_frames_removed"},{"filename":"/opt/airflow/dags/ecom_pipeline_dag.py","lineno":10,"name":"<module>"}],"is_group":false,"exceptions":[]}]}
{"timestamp":"2026-06-20T10:05:24.859384Z","level":"info","event":"Filling up the DagBag from /opt/airflow/dags/ecom_pipeline_dag.py","logger":"airflow.models.dagbag.DagBag","filename":"dagbag.py","lineno":593}
{"timestamp":"2026-06-20T10:05:24.908737Z","level":"error","event":"Failed to import: /opt/airflow/dags/ecom_pipeline_dag.py","logger":"airflow.models.dagbag.DagBag","filename":"dagbag.py","lineno":415,"error_detail":[{"exc_type":"NameError","exc_value":"name 'false' is not defined","exc_notes":[],"syntax_error":null,"is_cause":false,"frames":[{"filename":"/home/airflow/.local/lib/python3.12/site-packages/airflow/models/dagbag.py","lineno":405,"name":"parse"},{"filename":"<frozen importlib._bootstrap_external>","lineno":999,"name":"exec_module"},{"filename":"<frozen importlib._bootstrap>","lineno":488,"name":"_call_with_frames_removed"},{"filename":"/opt/airflow/dags/ecom_pipeline_dag.py","lineno":10,"name":"<module>"}],"is_group":false,"exceptions":[]}]}
{"timestamp":"2026-06-20T10:05:33.550276Z","level":"info","event":"Filling up the DagBag from /opt/airflow/dags/ecom_pipeline_dag.py","logger":"airflow.models.dagbag.DagBag","filename":"dagbag.py","lineno":593}
{"timestamp":"2026-06-20T10:06:04.101862Z","level":"info","event":"Filling up the DagBag from /opt/airflow/dags/ecom_pipeline_dag.py","logger":"airflow.models.dagbag.DagBag","filename":"dagbag.py","lineno":593}
{"timestamp":"2026-06-20T10:06:34.826187Z","level":"info","event":"Filling up the DagBag from /opt/airflow/dags/ecom_pipeline_dag.py","logger":"airflow.models.dagbag.DagBag","filename":"dagbag.py","lineno":593}
{"timestamp":"2026-06-20T10:07:05.420427Z","level":"info","event":"Filling up the DagBag from /opt/airflow/dags/ecom_pipeline_dag.py","logger":"airflow.models.dagbag.DagBag","filename":"dagbag.py","lineno":593}
{"timestamp":"2026-06-20T10:07:36.333160Z","level":"info","event":"Filling up the DagBag from /opt/airflow/dags/ecom_pipeline_dag.py","logger":"airflow.models.dagbag.DagBag","filename":"dagbag.py","lineno":593}
{"timestamp":"2026-06-20T10:08:07.012905Z","level":"info","event":"Filling up the DagBag from /opt/airflow/dags/ecom_pipeline_dag.py","logger":"airflow.models.dagbag.DagBag","filename":"dagbag.py","lineno":593}
{"timestamp":"2026-06-20T10:08:28.381544Z","level":"info","event":"Filling up the DagBag from /opt/airflow/dags/ecom_pipeline_dag.py","logger":"airflow.models.dagbag.DagBag","filename":"dagbag.py","lineno":593}
{"timestamp":"2026-06-20T10:08:59.707374Z","level":"info","event":"Filling up the DagBag from /opt/airflow/dags/ecom_pipeline_dag.py","logger":"airflow.models.dagbag.DagBag","filename":"dagbag.py","lineno":593}
{"timestamp":"2026-06-20T10:09:30.010755Z","level":"info","event":"Filling up the DagBag from /opt/airflow/dags/ecom_pipeline_dag.py","logger":"airflow.models.dagbag.DagBag","filename":"dagbag.py","lineno":593}
{"timestamp":"2026-06-20T10:10:30.765983Z","level":"info","event":"Filling up the DagBag from /opt/airflow/dags/ecom_pipeline_dag.py","logger":"airflow.models.dagbag.DagBag","filename":"dagbag.py","lineno":593}
{"timestamp":"2026-06-20T10:11:03.054274Z","level":"info","event":"Filling up the DagBag from /opt/airflow/dags/ecom_pipeline_dag.py","logger":"airflow.models.dagbag.DagBag","filename":"dagbag.py","lineno":593}
{"timestamp":"2026-06-20T10:11:38.737463Z","level":"info","event":"Filling up the DagBag from /opt/airflow/dags/ecom_pipeline_dag.py","logger":"airflow.models.dagbag.DagBag","filename":"dagbag.py","lineno":593}
{"timestamp":"2026-06-20T10:12:14.836761Z","level":"info","event":"Filling up the DagBag from /opt/airflow/dags/ecom_pipeline_dag.py","logger":"airflow.models.dagbag.DagBag","filename":"dagbag.py","lineno":593}
{"timestamp":"2026-06-20T10:12:47.466795Z","level":"info","event":"Filling up the DagBag from /opt/airflow/dags/ecom_pipeline_dag.py","logger":"airflow.models.dagbag.DagBag","filename":"dagbag.py","lineno":593}
{"timestamp":"2026-06-20T10:13:18.042024Z","level":"info","event":"Filling up the DagBag from /opt/airflow/dags/ecom_pipeline_dag.py","logger":"airflow.models.dagbag.DagBag","filename":"dagbag.py","lineno":593}
{"timestamp":"2026-06-20T10:13:48.493448Z","level":"info","event":"Filling up the DagBag from /opt/airflow/dags/ecom_pipeline_dag.py","logger":"airflow.models.dagbag.DagBag","filename":"dagbag.py","lineno":593}
{"timestamp":"2026-06-20T10:14:18.901383Z","level":"info","event":"Filling up the DagBag from /opt/airflow/dags/ecom_pipeline_dag.py","logger":"airflow.models.dagbag.DagBag","filename":"dagbag.py","lineno":593}
{"timestamp":"2026-06-20T10:14:39.898978Z","level":"info","event":"Filling up the DagBag from /opt/airflow/dags/ecom_pipeline_dag.py","logger":"airflow.models.dagbag.DagBag","filename":"dagbag.py","lineno":593}
{"timestamp":"2026-06-20T10:14:39.926000Z","level":"warning","event":"Callback requested but no callback found","dag_id":"ecommerce_dbt_pipeline","task_id":"test_gold","run_id":"scheduled__2026-06-20T00:00:00+00:00","ti_id":"019ee47d-8afd-72e4-8e1c-2e38826eded6","logger":"task","filename":"processor.py","lineno":363}
{"timestamp":"2026-06-20T10:14:40.015114Z","level":"info","event":"Filling up the DagBag from /opt/airflow/dags/ecom_pipeline_dag.py","logger":"airflow.models.dagbag.DagBag","filename":"dagbag.py","lineno":593}
{"timestamp":"2026-06-20T10:15:10.420918Z","level":"info","event":"Filling up the DagBag from /opt/airflow/dags/ecom_pipeline_dag.py","logger":"airflow.models.dagbag.DagBag","filename":"dagbag.py","lineno":593}
{"timestamp":"2026-06-20T10:15:25.282602Z","level":"info","event":"Filling up the DagBag from /opt/airflow/dags/ecom_pipeline_dag.py","logger":"airflow.models.dagbag.DagBag","filename":"dagbag.py","lineno":593}
{"timestamp":"2026-06-20T10:15:56.257801Z","level":"info","event":"Filling up the DagBag from /opt/airflow/dags/ecom_pipeline_dag.py","logger":"airflow.models.dagbag.DagBag","filename":"dagbag.py","lineno":593}
{"timestamp":"2026-06-20T10:16:26.490354Z","level":"info","event":"Filling up the DagBag from /opt/airflow/dags/ecom_pipeline_dag.py","logger":"airflow.models.dagbag.DagBag","filename":"dagbag.py","lineno":593}
{"timestamp":"2026-06-20T10:16:57.497315Z","level":"info","event":"Filling up the DagBag from /opt/airflow/dags/ecom_pipeline_dag.py","logger":"airflow.models.dagbag.DagBag","filename":"dagbag.py","lineno":593}
{"timestamp":"2026-06-20T10:17:27.740760Z","level":"info","event":"Filling up the DagBag from /opt/airflow/dags/ecom_pipeline_dag.py","logger":"airflow.models.dagbag.DagBag","filename":"dagbag.py","lineno":593}
{"timestamp":"2026-06-20T10:17:58.320076Z","level":"info","event":"Filling up the DagBag from /opt/airflow/dags/ecom_pipeline_dag.py","logger":"airflow.models.dagbag.DagBag","filename":"dagbag.py","lineno":593}
{"timestamp":"2026-06-20T10:18:28.836464Z","level":"info","event":"Filling up the DagBag from /opt/airflow/dags/ecom_pipeline_dag.py","logger":"airflow.models.dagbag.DagBag","filename":"dagbag.py","lineno":593}
{"timestamp":"2026-06-20T10:18:59.399505Z","level":"info","event":"Filling up the DagBag from /opt/airflow/dags/ecom_pipeline_dag.py","logger":"airflow.models.dagbag.DagBag","filename":"dagbag.py","lineno":593}
{"timestamp":"2026-06-20T10:19:29.886888Z","level":"info","event":"Filling up the DagBag from /opt/airflow/dags/ecom_pipeline_dag.py","logger":"airflow.models.dagbag.DagBag","filename":"dagbag.py","lineno":593}
{"timestamp":"2026-06-20T10:20:00.645797Z","level":"info","event":"Filling up the DagBag from /opt/airflow/dags/ecom_pipeline_dag.py","logger":"airflow.models.dagbag.DagBag","filename":"dagbag.py","lineno":593}
{"timestamp":"2026-06-20T10:20:31.711155Z","level":"info","event":"Filling up the DagBag from /opt/airflow/dags/ecom_pipeline_dag.py","logger":"airflow.models.dagbag.DagBag","filename":"dagbag.py","lineno":593}
{"timestamp":"2026-06-20T10:21:02.309684Z","level":"info","event":"Filling up the DagBag from /opt/airflow/dags/ecom_pipeline_dag.py","logger":"airflow.models.dagbag.DagBag","filename":"dagbag.py","lineno":593}
{"timestamp":"2026-06-20T10:21:32.590825Z","level":"info","event":"Filling up the DagBag from /opt/airflow/dags/ecom_pipeline_dag.py","logger":"airflow.models.dagbag.DagBag","filename":"dagbag.py","lineno":593}
{"timestamp":"2026-06-20T10:22:03.881701Z","level":"info","event":"Filling up the DagBag from /opt/airflow/dags/ecom_pipeline_dag.py","logger":"airflow.models.dagbag.DagBag","filename":"dagbag.py","lineno":593}
{"timestamp":"2026-06-20T10:25:58.856810Z","level":"info","event":"Filling up the DagBag from /opt/airflow/dags/ecom_pipeline_dag.py","logger":"airflow.models.dagbag.DagBag","filename":"dagbag.py","lineno":593}
{"timestamp":"2026-06-20T10:26:30.803399Z","level":"info","event":"Filling up the DagBag from /opt/airflow/dags/ecom_pipeline_dag.py","logger":"airflow.models.dagbag.DagBag","filename":"dagbag.py","lineno":593}
{"timestamp":"2026-06-20T10:27:02.543963Z","level":"info","event":"Filling up the DagBag from /opt/airflow/dags/ecom_pipeline_dag.py","logger":"airflow.models.dagbag.DagBag","filename":"dagbag.py","lineno":593}
{"timestamp":"2026-06-20T10:27:33.693418Z","level":"info","event":"Filling up the DagBag from /opt/airflow/dags/ecom_pipeline_dag.py","logger":"airflow.models.dagbag.DagBag","filename":"dagbag.py","lineno":593}
{"timestamp":"2026-06-20T10:28:04.999977Z","level":"info","event":"Filling up the DagBag from /opt/airflow/dags/ecom_pipeline_dag.py","logger":"airflow.models.dagbag.DagBag","filename":"dagbag.py","lineno":593}
{"timestamp":"2026-06-20T10:28:36.557726Z","level":"info","event":"Filling up the DagBag from /opt/airflow/dags/ecom_pipeline_dag.py","logger":"airflow.models.dagbag.DagBag","filename":"dagbag.py","lineno":593}
{"timestamp":"2026-06-20T10:29:12.305989Z","level":"info","event":"Filling up the DagBag from /opt/airflow/dags/ecom_pipeline_dag.py","logger":"airflow.models.dagbag.DagBag","filename":"dagbag.py","lineno":593}
{"timestamp":"2026-06-20T10:29:44.597491Z","level":"info","event":"Filling up the DagBag from /opt/airflow/dags/ecom_pipeline_dag.py","logger":"airflow.models.dagbag.DagBag","filename":"dagbag.py","lineno":593}
{"timestamp":"2026-06-20T10:30:14.850941Z","level":"info","event":"Filling up the DagBag from /opt/airflow/dags/ecom_pipeline_dag.py","logger":"airflow.models.dagbag.DagBag","filename":"dagbag.py","lineno":593}
{"timestamp":"2026-06-20T10:30:47.392718Z","level":"info","event":"Filling up the DagBag from /opt/airflow/dags/ecom_pipeline_dag.py","logger":"airflow.models.dagbag.DagBag","filename":"dagbag.py","lineno":593}
{"timestamp":"2026-06-20T10:31:18.671139Z","level":"info","event":"Filling up the DagBag from /opt/airflow/dags/ecom_pipeline_dag.py","logger":"airflow.models.dagbag.DagBag","filename":"dagbag.py","lineno":593}
{"timestamp":"2026-06-20T10:32:33.918064Z","level":"info","event":"Filling up the DagBag from /opt/airflow/dags/ecom_pipeline_dag.py","logger":"airflow.models.dagbag.DagBag","filename":"dagbag.py","lineno":593}
{"timestamp":"2026-06-20T10:33:05.157874Z","level":"info","event":"Filling up the DagBag from /opt/airflow/dags/ecom_pipeline_dag.py","logger":"airflow.models.dagbag.DagBag","filename":"dagbag.py","lineno":593}
{"timestamp":"2026-06-20T10:33:36.522262Z","level":"info","event":"Filling up the DagBag from /opt/airflow/dags/ecom_pipeline_dag.py","logger":"airflow.models.dagbag.DagBag","filename":"dagbag.py","lineno":593}
{"timestamp":"2026-06-20T10:43:53.403308Z","level":"info","event":"Filling up the DagBag from /opt/airflow/dags/ecom_pipeline_dag.py","logger":"airflow.models.dagbag.DagBag","filename":"dagbag.py","lineno":593}
{"timestamp":"2026-06-20T11:04:37.597080Z","level":"info","event":"Filling up the DagBag from /opt/airflow/dags/ecom_pipeline_dag.py","logger":"airflow.models.dagbag.DagBag","filename":"dagbag.py","lineno":593}
{"timestamp":"2026-06-20T11:05:09.501330Z","level":"info","event":"Filling up the DagBag from /opt/airflow/dags/ecom_pipeline_dag.py","logger":"airflow.models.dagbag.DagBag","filename":"dagbag.py","lineno":593}
{"timestamp":"2026-06-20T11:05:40.527036Z","level":"info","event":"Filling up the DagBag from /opt/airflow/dags/ecom_pipeline_dag.py","logger":"airflow.models.dagbag.DagBag","filename":"dagbag.py","lineno":593}
{"timestamp":"2026-06-20T11:06:10.943284Z","level":"info","event":"Filling up the DagBag from /opt/airflow/dags/ecom_pipeline_dag.py","logger":"airflow.models.dagbag.DagBag","filename":"dagbag.py","lineno":593}
{"timestamp":"2026-06-20T11:06:41.466163Z","level":"info","event":"Filling up the DagBag from /opt/airflow/dags/ecom_pipeline_dag.py","logger":"airflow.models.dagbag.DagBag","filename":"dagbag.py","lineno":593}
{"timestamp":"2026-06-20T11:07:11.762462Z","level":"info","event":"Filling up the DagBag from /opt/airflow/dags/ecom_pipeline_dag.py","logger":"airflow.models.dagbag.DagBag","filename":"dagbag.py","lineno":593}
{"timestamp":"2026-06-20T11:07:42.059952Z","level":"info","event":"Filling up the DagBag from /opt/airflow/dags/ecom_pipeline_dag.py","logger":"airflow.models.dagbag.DagBag","filename":"dagbag.py","lineno":593}
{"timestamp":"2026-06-20T11:08:13.181297Z","level":"info","event":"Filling up the DagBag from /opt/airflow/dags/ecom_pipeline_dag.py","logger":"airflow.models.dagbag.DagBag","filename":"dagbag.py","lineno":593}
{"timestamp":"2026-06-20T11:08:43.877177Z","level":"info","event":"Filling up the DagBag from /opt/airflow/dags/ecom_pipeline_dag.py","logger":"airflow.models.dagbag.DagBag","filename":"dagbag.py","lineno":593}
{"timestamp":"2026-06-20T11:09:14.728561Z","level":"info","event":"Filling up the DagBag from /opt/airflow/dags/ecom_pipeline_dag.py","logger":"airflow.models.dagbag.DagBag","filename":"dagbag.py","lineno":593}
{"timestamp":"2026-06-20T11:09:45.442286Z","level":"info","event":"Filling up the DagBag from /opt/airflow/dags/ecom_pipeline_dag.py","logger":"airflow.models.dagbag.DagBag","filename":"dagbag.py","lineno":593}
{"timestamp":"2026-06-20T11:10:16.248756Z","level":"info","event":"Filling up the DagBag from /opt/airflow/dags/ecom_pipeline_dag.py","logger":"airflow.models.dagbag.DagBag","filename":"dagbag.py","lineno":593}
{"timestamp":"2026-06-20T11:13:46.433791Z","level":"info","event":"Filling up the DagBag from /opt/airflow/dags/ecom_pipeline_dag.py","logger":"airflow.models.dagbag.DagBag","filename":"dagbag.py","lineno":593}
{"timestamp":"2026-06-20T11:14:23.775398Z","level":"info","event":"Filling up the DagBag from /opt/airflow/dags/ecom_pipeline_dag.py","logger":"airflow.models.dagbag.DagBag","filename":"dagbag.py","lineno":593}
{"timestamp":"2026-06-20T11:14:55.678491Z","level":"info","event":"Filling up the DagBag from /opt/airflow/dags/ecom_pipeline_dag.py","logger":"airflow.models.dagbag.DagBag","filename":"dagbag.py","lineno":593}
{"timestamp":"2026-06-20T11:15:26.990057Z","level":"info","event":"Filling up the DagBag from /opt/airflow/dags/ecom_pipeline_dag.py","logger":"airflow.models.dagbag.DagBag","filename":"dagbag.py","lineno":593}
{"timestamp":"2026-06-20T11:15:57.356504Z","level":"info","event":"Filling up the DagBag from /opt/airflow/dags/ecom_pipeline_dag.py","logger":"airflow.models.dagbag.DagBag","filename":"dagbag.py","lineno":593}
{"timestamp":"2026-06-20T11:16:28.100816Z","level":"info","event":"Filling up the DagBag from /opt/airflow/dags/ecom_pipeline_dag.py","logger":"airflow.models.dagbag.DagBag","filename":"dagbag.py","lineno":593}
{"timestamp":"2026-06-20T11:16:58.505342Z","level":"info","event":"Filling up the DagBag from /opt/airflow/dags/ecom_pipeline_dag.py","logger":"airflow.models.dagbag.DagBag","filename":"dagbag.py","lineno":593}
{"timestamp":"2026-06-20T11:17:29.579736Z","level":"info","event":"Filling up the DagBag from /opt/airflow/dags/ecom_pipeline_dag.py","logger":"airflow.models.dagbag.DagBag","filename":"dagbag.py","lineno":593}
{"timestamp":"2026-06-20T11:18:00.820841Z","level":"info","event":"Filling up the DagBag from /opt/airflow/dags/ecom_pipeline_dag.py","logger":"airflow.models.dagbag.DagBag","filename":"dagbag.py","lineno":593}
{"timestamp":"2026-06-20T11:18:31.889388Z","level":"info","event":"Filling up the DagBag from /opt/airflow/dags/ecom_pipeline_dag.py","logger":"airflow.models.dagbag.DagBag","filename":"dagbag.py","lineno":593}
{"timestamp":"2026-06-20T11:19:03.190246Z","level":"info","event":"Filling up the DagBag from /opt/airflow/dags/ecom_pipeline_dag.py","logger":"airflow.models.dagbag.DagBag","filename":"dagbag.py","lineno":593}
{"timestamp":"2026-06-20T11:30:20.683130Z","level":"info","event":"Filling up the DagBag from /opt/airflow/dags/ecom_pipeline_dag.py","logger":"airflow.models.dagbag.DagBag","filename":"dagbag.py","lineno":593}
{"timestamp":"2026-06-20T11:30:29.489997Z","level":"info","event":"Filling up the DagBag from /opt/airflow/dags/ecom_pipeline_dag.py","logger":"airflow.models.dagbag.DagBag","filename":"dagbag.py","lineno":593}
{"timestamp":"2026-06-20T11:30:29.772478Z","level":"warning","event":"Callback requested but no callback found","dag_id":"ecommerce_dbt_pipeline","task_id":"test_gold","run_id":"manual__2026-06-20T11:08:01+00:00","ti_id":"019ee4b7-7638-778a-9ea6-3d5377401c7b","logger":"task","filename":"processor.py","lineno":363}
{"timestamp":"2026-06-20T11:30:29.772968Z","level":"warning","event":"Callback requested but no callback found","dag_id":"ecommerce_dbt_pipeline","task_id":"run_gold","run_id":"scheduled__2026-06-20T11:10:00+00:00","ti_id":"019ee4b9-2b91-7669-9108-3caeec3a2b99","logger":"task","filename":"processor.py","lineno":363}
{"timestamp":"2026-06-20T11:30:29.773444Z","level":"warning","event":"Callback requested but no callback found","dag_id":"ecommerce_dbt_pipeline","task_id":"test_silver","run_id":"scheduled__2026-06-20T11:15:00+00:00","ti_id":"019ee4be-49ee-71bc-aac6-91b189a56199","logger":"task","filename":"processor.py","lineno":363}
{"timestamp":"2026-06-20T11:30:30.985410Z","level":"info","event":"Filling up the DagBag from /opt/airflow/dags/ecom_pipeline_dag.py","logger":"airflow.models.dagbag.DagBag","filename":"dagbag.py","lineno":593}
{"timestamp":"2026-06-20T11:33:13.900409Z","level":"info","event":"Filling up the DagBag from /opt/airflow/dags/ecom_pipeline_dag.py","logger":"airflow.models.dagbag.DagBag","filename":"dagbag.py","lineno":593}
{"timestamp":"2026-06-20T11:33:20.215436Z","level":"info","event":"Filling up the DagBag from /opt/airflow/dags/ecom_pipeline_dag.py","logger":"airflow.models.dagbag.DagBag","filename":"dagbag.py","lineno":593}
{"timestamp":"2026-06-20T11:33:22.205497Z","level":"warning","event":"Callback requested but no callback found","dag_id":"ecommerce_dbt_pipeline","task_id":"test_silver","run_id":"scheduled__2026-06-20T11:15:00+00:00","ti_id":"019ee4be-49ee-71bc-aac6-91b189a56199","logger":"task","filename":"processor.py","lineno":363}
{"timestamp":"2026-06-20T11:33:26.495444Z","level":"info","event":"Filling up the DagBag from /opt/airflow/dags/ecom_pipeline_dag.py","logger":"airflow.models.dagbag.DagBag","filename":"dagbag.py","lineno":593}
{"timestamp":"2026-06-20T11:33:58.433669Z","level":"info","event":"Filling up the DagBag from /opt/airflow/dags/ecom_pipeline_dag.py","logger":"airflow.models.dagbag.DagBag","filename":"dagbag.py","lineno":593}
{"timestamp":"2026-06-20T11:34:29.359417Z","level":"info","event":"Filling up the DagBag from /opt/airflow/dags/ecom_pipeline_dag.py","logger":"airflow.models.dagbag.DagBag","filename":"dagbag.py","lineno":593}
{"timestamp":"2026-06-20T11:34:59.663685Z","level":"info","event":"Filling up the DagBag from /opt/airflow/dags/ecom_pipeline_dag.py","logger":"airflow.models.dagbag.DagBag","filename":"dagbag.py","lineno":593}
{"timestamp":"2026-06-20T11:35:29.992126Z","level":"info","event":"Filling up the DagBag from /opt/airflow/dags/ecom_pipeline_dag.py","logger":"airflow.models.dagbag.DagBag","filename":"dagbag.py","lineno":593}
{"timestamp":"2026-06-20T11:36:00.603986Z","level":"info","event":"Filling up the DagBag from /opt/airflow/dags/ecom_pipeline_dag.py","logger":"airflow.models.dagbag.DagBag","filename":"dagbag.py","lineno":593}
{"timestamp":"2026-06-20T11:36:30.936849Z","level":"info","event":"Filling up the DagBag from /opt/airflow/dags/ecom_pipeline_dag.py","logger":"airflow.models.dagbag.DagBag","filename":"dagbag.py","lineno":593}
{"timestamp":"2026-06-20T11:37:02.391782Z","level":"info","event":"Filling up the DagBag from /opt/airflow/dags/ecom_pipeline_dag.py","logger":"airflow.models.dagbag.DagBag","filename":"dagbag.py","lineno":593}
{"timestamp":"2026-06-20T11:37:33.440350Z","level":"info","event":"Filling up the DagBag from /opt/airflow/dags/ecom_pipeline_dag.py","logger":"airflow.models.dagbag.DagBag","filename":"dagbag.py","lineno":593}
{"timestamp":"2026-06-20T11:38:04.608095Z","level":"info","event":"Filling up the DagBag from /opt/airflow/dags/ecom_pipeline_dag.py","logger":"airflow.models.dagbag.DagBag","filename":"dagbag.py","lineno":593}
{"timestamp":"2026-06-20T11:38:35.082427Z","level":"info","event":"Filling up the DagBag from /opt/airflow/dags/ecom_pipeline_dag.py","logger":"airflow.models.dagbag.DagBag","filename":"dagbag.py","lineno":593}
{"timestamp":"2026-06-20T11:39:05.594217Z","level":"info","event":"Filling up the DagBag from /opt/airflow/dags/ecom_pipeline_dag.py","logger":"airflow.models.dagbag.DagBag","filename":"dagbag.py","lineno":593}
{"timestamp":"2026-06-20T11:39:35.888380Z","level":"info","event":"Filling up the DagBag from /opt/airflow/dags/ecom_pipeline_dag.py","logger":"airflow.models.dagbag.DagBag","filename":"dagbag.py","lineno":593}
{"timestamp":"2026-06-20T11:40:06.409218Z","level":"info","event":"Filling up the DagBag from /opt/airflow/dags/ecom_pipeline_dag.py","logger":"airflow.models.dagbag.DagBag","filename":"dagbag.py","lineno":593}
{"timestamp":"2026-06-20T11:40:36.807527Z","level":"info","event":"Filling up the DagBag from /opt/airflow/dags/ecom_pipeline_dag.py","logger":"airflow.models.dagbag.DagBag","filename":"dagbag.py","lineno":593}
{"timestamp":"2026-06-20T11:41:07.702807Z","level":"info","event":"Filling up the DagBag from /opt/airflow/dags/ecom_pipeline_dag.py","logger":"airflow.models.dagbag.DagBag","filename":"dagbag.py","lineno":593}
{"timestamp":"2026-06-20T11:41:40.403318Z","level":"info","event":"Filling up the DagBag from /opt/airflow/dags/ecom_pipeline_dag.py","logger":"airflow.models.dagbag.DagBag","filename":"dagbag.py","lineno":593}
{"timestamp":"2026-06-20T11:42:11.629387Z","level":"info","event":"Filling up the DagBag from /opt/airflow/dags/ecom_pipeline_dag.py","logger":"airflow.models.dagbag.DagBag","filename":"dagbag.py","lineno":593}
{"timestamp":"2026-06-20T11:42:43.058364Z","level":"info","event":"Filling up the DagBag from /opt/airflow/dags/ecom_pipeline_dag.py","logger":"airflow.models.dagbag.DagBag","filename":"dagbag.py","lineno":593}
{"timestamp":"2026-06-20T11:43:14.213715Z","level":"info","event":"Filling up the DagBag from /opt/airflow/dags/ecom_pipeline_dag.py","logger":"airflow.models.dagbag.DagBag","filename":"dagbag.py","lineno":593}
{"timestamp":"2026-06-20T11:56:49.340012Z","level":"info","event":"Filling up the DagBag from /opt/airflow/dags/ecom_pipeline_dag.py","logger":"airflow.models.dagbag.DagBag","filename":"dagbag.py","lineno":593}
{"timestamp":"2026-06-20T11:57:08.108896Z","level":"info","event":"Filling up the DagBag from /opt/airflow/dags/ecom_pipeline_dag.py","logger":"airflow.models.dagbag.DagBag","filename":"dagbag.py","lineno":593}
{"timestamp":"2026-06-20T11:57:08.375958Z","level":"warning","event":"Callback requested but no callback found","dag_id":"ecommerce_dbt_pipeline","task_id":"run_gold","run_id":"scheduled__2026-06-20T11:40:00+00:00","ti_id":"019ee4d4-a06e-77a6-91cc-fd1f96c1ba26","logger":"task","filename":"processor.py","lineno":363}
{"timestamp":"2026-06-20T11:57:08.703660Z","level":"info","event":"Filling up the DagBag from /opt/airflow/dags/ecom_pipeline_dag.py","logger":"airflow.models.dagbag.DagBag","filename":"dagbag.py","lineno":593}
{"timestamp":"2026-06-20T11:57:39.273213Z","level":"info","event":"Filling up the DagBag from /opt/airflow/dags/ecom_pipeline_dag.py","logger":"airflow.models.dagbag.DagBag","filename":"dagbag.py","lineno":593}
{"timestamp":"2026-06-20T11:58:09.698146Z","level":"info","event":"Filling up the DagBag from /opt/airflow/dags/ecom_pipeline_dag.py","logger":"airflow.models.dagbag.DagBag","filename":"dagbag.py","lineno":593}
{"timestamp":"2026-06-20T11:58:40.205529Z","level":"info","event":"Filling up the DagBag from /opt/airflow/dags/ecom_pipeline_dag.py","logger":"airflow.models.dagbag.DagBag","filename":"dagbag.py","lineno":593}
{"timestamp":"2026-06-20T11:59:17.555234Z","level":"info","event":"Filling up the DagBag from /opt/airflow/dags/ecom_pipeline_dag.py","logger":"airflow.models.dagbag.DagBag","filename":"dagbag.py","lineno":593}
{"timestamp":"2026-06-20T12:01:03.671943Z","level":"info","event":"Filling up the DagBag from /opt/airflow/dags/ecom_pipeline_dag.py","logger":"airflow.models.dagbag.DagBag","filename":"dagbag.py","lineno":593}
{"timestamp":"2026-06-20T12:01:51.662949Z","level":"info","event":"Filling up the DagBag from /opt/airflow/dags/ecom_pipeline_dag.py","logger":"airflow.models.dagbag.DagBag","filename":"dagbag.py","lineno":593}
{"timestamp":"2026-06-20T12:12:13.513144Z","level":"info","event":"Filling up the DagBag from /opt/airflow/dags/ecom_pipeline_dag.py","logger":"airflow.models.dagbag.DagBag","filename":"dagbag.py","lineno":593}
{"timestamp":"2026-06-20T12:12:58.546747Z","level":"info","event":"Filling up the DagBag from /opt/airflow/dags/ecom_pipeline_dag.py","logger":"airflow.models.dagbag.DagBag","filename":"dagbag.py","lineno":593}
{"timestamp":"2026-06-20T12:12:59.749328Z","level":"warning","event":"Callback requested but no callback found","dag_id":"ecommerce_dbt_pipeline","task_id":"test_silver","run_id":"scheduled__2026-06-20T11:45:00+00:00","ti_id":"019ee4e3-faf2-7eb3-afeb-bb4ab78e3e1c","logger":"task","filename":"processor.py","lineno":363}
{"timestamp":"2026-06-20T12:12:59.749858Z","level":"warning","event":"Callback requested but no callback found","dag_id":"ecommerce_dbt_pipeline","task_id":"test_silver","run_id":"scheduled__2026-06-20T11:55:00+00:00","ti_id":"019ee4e4-0670-7b9a-bb9d-c7f39a81c969","logger":"task","filename":"processor.py","lineno":363}
{"timestamp":"2026-06-20T12:12:59.750192Z","level":"warning","event":"Callback requested but no callback found","dag_id":"ecommerce_dbt_pipeline","task_id":"run_silver","run_id":"scheduled__2026-06-20T12:00:00+00:00","ti_id":"019ee4e7-d38f-7a6d-a2b2-e1648b58c2c0","logger":"task","filename":"processor.py","lineno":363}
{"timestamp":"2026-06-20T12:12:59.750710Z","level":"warning","event":"Callback requested but no callback found","dag_id":"ecommerce_dbt_pipeline","task_id":"test_silver","run_id":"scheduled__2026-06-20T11:45:00+00:00","ti_id":"019ee4e3-faf2-7eb3-afeb-bb4ab78e3e1c","logger":"task","filename":"processor.py","lineno":363}
{"timestamp":"2026-06-20T12:12:59.751183Z","level":"warning","event":"Callback requested but no callback found","dag_id":"ecommerce_dbt_pipeline","task_id":"test_silver","run_id":"scheduled__2026-06-20T11:55:00+00:00","ti_id":"019ee4e4-0670-7b9a-bb9d-c7f39a81c969","logger":"task","filename":"processor.py","lineno":363}
{"timestamp":"2026-06-20T12:12:59.756257Z","level":"warning","event":"Callback requested but no callback found","dag_id":"ecommerce_dbt_pipeline","task_id":"run_silver","run_id":"scheduled__2026-06-20T12:00:00+00:00","ti_id":"019ee4e7-d38f-7a6d-a2b2-e1648b58c2c0","logger":"task","filename":"processor.py","lineno":363}
{"timestamp":"2026-06-20T12:13:03.001543Z","level":"info","event":"Filling up the DagBag from /opt/airflow/dags/ecom_pipeline_dag.py","logger":"airflow.models.dagbag.DagBag","filename":"dagbag.py","lineno":593}
{"timestamp":"2026-06-20T12:13:54.413759Z","level":"info","event":"Filling up the DagBag from /opt/airflow/dags/ecom_pipeline_dag.py","logger":"airflow.models.dagbag.DagBag","filename":"dagbag.py","lineno":593}
{"timestamp":"2026-06-20T12:14:40.167314Z","level":"info","event":"Filling up the DagBag from /opt/airflow/dags/ecom_pipeline_dag.py","logger":"airflow.models.dagbag.DagBag","filename":"dagbag.py","lineno":593}
{"timestamp":"2026-06-20T12:15:15.093917Z","level":"info","event":"Filling up the DagBag from /opt/airflow/dags/ecom_pipeline_dag.py","logger":"airflow.models.dagbag.DagBag","filename":"dagbag.py","lineno":593}
{"timestamp":"2026-06-20T12:15:51.961309Z","level":"info","event":"Filling up the DagBag from /opt/airflow/dags/ecom_pipeline_dag.py","logger":"airflow.models.dagbag.DagBag","filename":"dagbag.py","lineno":593}
{"timestamp":"2026-06-20T12:16:26.202335Z","level":"info","event":"Filling up the DagBag from /opt/airflow/dags/ecom_pipeline_dag.py","logger":"airflow.models.dagbag.DagBag","filename":"dagbag.py","lineno":593}
{"timestamp":"2026-06-20T14:46:45.003853Z","level":"info","event":"Filling up the DagBag from /opt/airflow/dags/ecom_pipeline_dag.py","logger":"airflow.models.dagbag.DagBag","filename":"dagbag.py","lineno":593}
{"timestamp":"2026-06-20T14:47:08.812593Z","level":"info","event":"Filling up the DagBag from /opt/airflow/dags/ecom_pipeline_dag.py","logger":"airflow.models.dagbag.DagBag","filename":"dagbag.py","lineno":593}
{"timestamp":"2026-06-20T14:47:09.000391Z","level":"warning","event":"Callback requested but no callback found","dag_id":"ecommerce_dbt_pipeline","task_id":"run_silver","run_id":"scheduled__2026-06-20T12:05:00+00:00","ti_id":"019ee4f2-4490-7c62-8c2b-44c7633e0b53","logger":"task","filename":"processor.py","lineno":363}
{"timestamp":"2026-06-20T14:47:09.000786Z","level":"warning","event":"Callback requested but no callback found","dag_id":"ecommerce_dbt_pipeline","task_id":"run_silver","run_id":"scheduled__2026-06-20T12:10:00+00:00","ti_id":"019ee4f2-6321-7500-b22d-47bbdc13c9cd","logger":"task","filename":"processor.py","lineno":363}
{"timestamp":"2026-06-20T14:47:09.553597Z","level":"info","event":"Filling up the DagBag from /opt/airflow/dags/ecom_pipeline_dag.py","logger":"airflow.models.dagbag.DagBag","filename":"dagbag.py","lineno":593}
{"timestamp":"2026-06-20T14:47:09.872994Z","level":"warning","event":"Callback requested but no callback found","dag_id":"ecommerce_dbt_pipeline","task_id":"run_silver","run_id":"scheduled__2026-06-20T12:15:00+00:00","ti_id":"019ee4f4-b08e-7a8b-adce-b4bab3bcfee0","logger":"task","filename":"processor.py","lineno":363}
{"timestamp":"2026-06-20T14:47:10.520334Z","level":"info","event":"Filling up the DagBag from /opt/airflow/dags/ecom_pipeline_dag.py","logger":"airflow.models.dagbag.DagBag","filename":"dagbag.py","lineno":593}
{"timestamp":"2026-06-20T14:47:42.072449Z","level":"info","event":"Filling up the DagBag from /opt/airflow/dags/ecom_pipeline_dag.py","logger":"airflow.models.dagbag.DagBag","filename":"dagbag.py","lineno":593}
{"timestamp":"2026-06-20T14:48:13.041166Z","level":"info","event":"Filling up the DagBag from /opt/airflow/dags/ecom_pipeline_dag.py","logger":"airflow.models.dagbag.DagBag","filename":"dagbag.py","lineno":593}
{"timestamp":"2026-06-20T14:48:43.555182Z","level":"info","event":"Filling up the DagBag from /opt/airflow/dags/ecom_pipeline_dag.py","logger":"airflow.models.dagbag.DagBag","filename":"dagbag.py","lineno":593}
{"timestamp":"2026-06-20T14:49:14.090035Z","level":"info","event":"Filling up the DagBag from /opt/airflow/dags/ecom_pipeline_dag.py","logger":"airflow.models.dagbag.DagBag","filename":"dagbag.py","lineno":593}
{"timestamp":"2026-06-20T14:49:44.698477Z","level":"info","event":"Filling up the DagBag from /opt/airflow/dags/ecom_pipeline_dag.py","logger":"airflow.models.dagbag.DagBag","filename":"dagbag.py","lineno":593}
{"timestamp":"2026-06-20T14:50:15.574594Z","level":"info","event":"Filling up the DagBag from /opt/airflow/dags/ecom_pipeline_dag.py","logger":"airflow.models.dagbag.DagBag","filename":"dagbag.py","lineno":593}
{"timestamp":"2026-06-20T14:50:47.154246Z","level":"info","event":"Filling up the DagBag from /opt/airflow/dags/ecom_pipeline_dag.py","logger":"airflow.models.dagbag.DagBag","filename":"dagbag.py","lineno":593}
{"timestamp":"2026-06-20T14:51:18.550885Z","level":"info","event":"Filling up the DagBag from /opt/airflow/dags/ecom_pipeline_dag.py","logger":"airflow.models.dagbag.DagBag","filename":"dagbag.py","lineno":593}
{"timestamp":"2026-06-20T14:51:49.698696Z","level":"info","event":"Filling up the DagBag from /opt/airflow/dags/ecom_pipeline_dag.py","logger":"airflow.models.dagbag.DagBag","filename":"dagbag.py","lineno":593}
{"timestamp":"2026-06-20T14:52:20.790203Z","level":"info","event":"Filling up the DagBag from /opt/airflow/dags/ecom_pipeline_dag.py","logger":"airflow.models.dagbag.DagBag","filename":"dagbag.py","lineno":593}
{"timestamp":"2026-06-20T14:52:52.260321Z","level":"info","event":"Filling up the DagBag from /opt/airflow/dags/ecom_pipeline_dag.py","logger":"airflow.models.dagbag.DagBag","filename":"dagbag.py","lineno":593}
{"timestamp":"2026-06-20T14:53:23.513186Z","level":"info","event":"Filling up the DagBag from /opt/airflow/dags/ecom_pipeline_dag.py","logger":"airflow.models.dagbag.DagBag","filename":"dagbag.py","lineno":593}
{"timestamp":"2026-06-20T14:53:55.200796Z","level":"info","event":"Filling up the DagBag from /opt/airflow/dags/ecom_pipeline_dag.py","logger":"airflow.models.dagbag.DagBag","filename":"dagbag.py","lineno":593}
{"timestamp":"2026-06-20T14:54:25.900733Z","level":"info","event":"Filling up the DagBag from /opt/airflow/dags/ecom_pipeline_dag.py","logger":"airflow.models.dagbag.DagBag","filename":"dagbag.py","lineno":593}
{"timestamp":"2026-06-20T14:54:56.535708Z","level":"info","event":"Filling up the DagBag from /opt/airflow/dags/ecom_pipeline_dag.py","logger":"airflow.models.dagbag.DagBag","filename":"dagbag.py","lineno":593}
{"timestamp":"2026-06-20T14:55:27.031630Z","level":"info","event":"Filling up the DagBag from /opt/airflow/dags/ecom_pipeline_dag.py","logger":"airflow.models.dagbag.DagBag","filename":"dagbag.py","lineno":593}
{"timestamp":"2026-06-20T14:55:57.564003Z","level":"info","event":"Filling up the DagBag from /opt/airflow/dags/ecom_pipeline_dag.py","logger":"airflow.models.dagbag.DagBag","filename":"dagbag.py","lineno":593}
{"timestamp":"2026-06-20T14:56:27.870267Z","level":"info","event":"Filling up the DagBag from /opt/airflow/dags/ecom_pipeline_dag.py","logger":"airflow.models.dagbag.DagBag","filename":"dagbag.py","lineno":593}
{"timestamp":"2026-06-20T14:56:58.115984Z","level":"info","event":"Filling up the DagBag from /opt/airflow/dags/ecom_pipeline_dag.py","logger":"airflow.models.dagbag.DagBag","filename":"dagbag.py","lineno":593}
{"timestamp":"2026-06-20T14:57:28.273212Z","level":"info","event":"Filling up the DagBag from /opt/airflow/dags/ecom_pipeline_dag.py","logger":"airflow.models.dagbag.DagBag","filename":"dagbag.py","lineno":593}
{"timestamp":"2026-06-20T14:57:58.431456Z","level":"info","event":"Filling up the DagBag from /opt/airflow/dags/ecom_pipeline_dag.py","logger":"airflow.models.dagbag.DagBag","filename":"dagbag.py","lineno":593}
{"timestamp":"2026-06-20T14:58:29.394696Z","level":"info","event":"Filling up the DagBag from /opt/airflow/dags/ecom_pipeline_dag.py","logger":"airflow.models.dagbag.DagBag","filename":"dagbag.py","lineno":593}
{"timestamp":"2026-06-20T14:59:00.738870Z","level":"info","event":"Filling up the DagBag from /opt/airflow/dags/ecom_pipeline_dag.py","logger":"airflow.models.dagbag.DagBag","filename":"dagbag.py","lineno":593}
{"timestamp":"2026-06-20T14:59:31.250863Z","level":"info","event":"Filling up the DagBag from /opt/airflow/dags/ecom_pipeline_dag.py","logger":"airflow.models.dagbag.DagBag","filename":"dagbag.py","lineno":593}
{"timestamp":"2026-06-20T15:00:01.713624Z","level":"info","event":"Filling up the DagBag from /opt/airflow/dags/ecom_pipeline_dag.py","logger":"airflow.models.dagbag.DagBag","filename":"dagbag.py","lineno":593}
{"timestamp":"2026-06-20T15:00:31.920678Z","level":"info","event":"Filling up the DagBag from /opt/airflow/dags/ecom_pipeline_dag.py","logger":"airflow.models.dagbag.DagBag","filename":"dagbag.py","lineno":593}
{"timestamp":"2026-06-20T15:01:02.175578Z","level":"info","event":"Filling up the DagBag from /opt/airflow/dags/ecom_pipeline_dag.py","logger":"airflow.models.dagbag.DagBag","filename":"dagbag.py","lineno":593}
{"timestamp":"2026-06-20T15:01:32.853373Z","level":"info","event":"Filling up the DagBag from /opt/airflow/dags/ecom_pipeline_dag.py","logger":"airflow.models.dagbag.DagBag","filename":"dagbag.py","lineno":593}
{"timestamp":"2026-06-20T15:02:03.191720Z","level":"info","event":"Filling up the DagBag from /opt/airflow/dags/ecom_pipeline_dag.py","logger":"airflow.models.dagbag.DagBag","filename":"dagbag.py","lineno":593}
{"timestamp":"2026-06-20T15:02:34.134214Z","level":"info","event":"Filling up the DagBag from /opt/airflow/dags/ecom_pipeline_dag.py","logger":"airflow.models.dagbag.DagBag","filename":"dagbag.py","lineno":593}
{"timestamp":"2026-06-20T15:03:04.897621Z","level":"info","event":"Filling up the DagBag from /opt/airflow/dags/ecom_pipeline_dag.py","logger":"airflow.models.dagbag.DagBag","filename":"dagbag.py","lineno":593}
{"timestamp":"2026-06-20T15:03:35.721010Z","level":"info","event":"Filling up the DagBag from /opt/airflow/dags/ecom_pipeline_dag.py","logger":"airflow.models.dagbag.DagBag","filename":"dagbag.py","lineno":593}
{"timestamp":"2026-06-20T15:04:05.952475Z","level":"info","event":"Filling up the DagBag from /opt/airflow/dags/ecom_pipeline_dag.py","logger":"airflow.models.dagbag.DagBag","filename":"dagbag.py","lineno":593}
{"timestamp":"2026-06-20T15:04:36.213449Z","level":"info","event":"Filling up the DagBag from /opt/airflow/dags/ecom_pipeline_dag.py","logger":"airflow.models.dagbag.DagBag","filename":"dagbag.py","lineno":593}
{"timestamp":"2026-06-20T15:05:06.638486Z","level":"info","event":"Filling up the DagBag from /opt/airflow/dags/ecom_pipeline_dag.py","logger":"airflow.models.dagbag.DagBag","filename":"dagbag.py","lineno":593}
{"timestamp":"2026-06-20T15:05:37.299099Z","level":"info","event":"Filling up the DagBag from /opt/airflow/dags/ecom_pipeline_dag.py","logger":"airflow.models.dagbag.DagBag","filename":"dagbag.py","lineno":593}
{"timestamp":"2026-06-20T15:06:07.516785Z","level":"info","event":"Filling up the DagBag from /opt/airflow/dags/ecom_pipeline_dag.py","logger":"airflow.models.dagbag.DagBag","filename":"dagbag.py","lineno":593}
{"timestamp":"2026-06-20T15:06:38.426897Z","level":"info","event":"Filling up the DagBag from /opt/airflow/dags/ecom_pipeline_dag.py","logger":"airflow.models.dagbag.DagBag","filename":"dagbag.py","lineno":593}
{"timestamp":"2026-06-20T15:07:09.248279Z","level":"info","event":"Filling up the DagBag from /opt/airflow/dags/ecom_pipeline_dag.py","logger":"airflow.models.dagbag.DagBag","filename":"dagbag.py","lineno":593}
{"timestamp":"2026-06-20T15:07:40.039994Z","level":"info","event":"Filling up the DagBag from /opt/airflow/dags/ecom_pipeline_dag.py","logger":"airflow.models.dagbag.DagBag","filename":"dagbag.py","lineno":593}
{"timestamp":"2026-06-20T15:08:10.485310Z","level":"info","event":"Filling up the DagBag from /opt/airflow/dags/ecom_pipeline_dag.py","logger":"airflow.models.dagbag.DagBag","filename":"dagbag.py","lineno":593}
{"timestamp":"2026-06-20T15:08:41.395663Z","level":"info","event":"Filling up the DagBag from /opt/airflow/dags/ecom_pipeline_dag.py","logger":"airflow.models.dagbag.DagBag","filename":"dagbag.py","lineno":593}
{"timestamp":"2026-06-20T15:09:12.492768Z","level":"info","event":"Filling up the DagBag from /opt/airflow/dags/ecom_pipeline_dag.py","logger":"airflow.models.dagbag.DagBag","filename":"dagbag.py","lineno":593}
{"timestamp":"2026-06-20T15:09:43.369445Z","level":"info","event":"Filling up the DagBag from /opt/airflow/dags/ecom_pipeline_dag.py","logger":"airflow.models.dagbag.DagBag","filename":"dagbag.py","lineno":593}
{"timestamp":"2026-06-20T15:10:14.422836Z","level":"info","event":"Filling up the DagBag from /opt/airflow/dags/ecom_pipeline_dag.py","logger":"airflow.models.dagbag.DagBag","filename":"dagbag.py","lineno":593}
{"timestamp":"2026-06-20T15:10:45.488758Z","level":"info","event":"Filling up the DagBag from /opt/airflow/dags/ecom_pipeline_dag.py","logger":"airflow.models.dagbag.DagBag","filename":"dagbag.py","lineno":593}
{"timestamp":"2026-06-20T15:11:16.446934Z","level":"info","event":"Filling up the DagBag from /opt/airflow/dags/ecom_pipeline_dag.py","logger":"airflow.models.dagbag.DagBag","filename":"dagbag.py","lineno":593}
{"timestamp":"2026-06-20T15:11:47.260337Z","level":"info","event":"Filling up the DagBag from /opt/airflow/dags/ecom_pipeline_dag.py","logger":"airflow.models.dagbag.DagBag","filename":"dagbag.py","lineno":593}
{"timestamp":"2026-06-20T15:12:17.515747Z","level":"info","event":"Filling up the DagBag from /opt/airflow/dags/ecom_pipeline_dag.py","logger":"airflow.models.dagbag.DagBag","filename":"dagbag.py","lineno":593}
{"timestamp":"2026-06-20T15:12:48.219344Z","level":"info","event":"Filling up the DagBag from /opt/airflow/dags/ecom_pipeline_dag.py","logger":"airflow.models.dagbag.DagBag","filename":"dagbag.py","lineno":593}
{"timestamp":"2026-06-20T15:13:18.964318Z","level":"info","event":"Filling up the DagBag from /opt/airflow/dags/ecom_pipeline_dag.py","logger":"airflow.models.dagbag.DagBag","filename":"dagbag.py","lineno":593}
{"timestamp":"2026-06-20T15:13:49.635289Z","level":"info","event":"Filling up the DagBag from /opt/airflow/dags/ecom_pipeline_dag.py","logger":"airflow.models.dagbag.DagBag","filename":"dagbag.py","lineno":593}
{"timestamp":"2026-06-20T15:14:20.467819Z","level":"info","event":"Filling up the DagBag from /opt/airflow/dags/ecom_pipeline_dag.py","logger":"airflow.models.dagbag.DagBag","filename":"dagbag.py","lineno":593}
{"timestamp":"2026-06-20T15:14:51.231104Z","level":"info","event":"Filling up the DagBag from /opt/airflow/dags/ecom_pipeline_dag.py","logger":"airflow.models.dagbag.DagBag","filename":"dagbag.py","lineno":593}
{"timestamp":"2026-06-20T15:15:22.329394Z","level":"info","event":"Filling up the DagBag from /opt/airflow/dags/ecom_pipeline_dag.py","logger":"airflow.models.dagbag.DagBag","filename":"dagbag.py","lineno":593}
{"timestamp":"2026-06-20T15:15:53.282019Z","level":"info","event":"Filling up the DagBag from /opt/airflow/dags/ecom_pipeline_dag.py","logger":"airflow.models.dagbag.DagBag","filename":"dagbag.py","lineno":593}
{"timestamp":"2026-06-20T15:16:24.122245Z","level":"info","event":"Filling up the DagBag from /opt/airflow/dags/ecom_pipeline_dag.py","logger":"airflow.models.dagbag.DagBag","filename":"dagbag.py","lineno":593}
{"timestamp":"2026-06-20T15:16:54.937438Z","level":"info","event":"Filling up the DagBag from /opt/airflow/dags/ecom_pipeline_dag.py","logger":"airflow.models.dagbag.DagBag","filename":"dagbag.py","lineno":593}
{"timestamp":"2026-06-20T15:17:25.203584Z","level":"info","event":"Filling up the DagBag from /opt/airflow/dags/ecom_pipeline_dag.py","logger":"airflow.models.dagbag.DagBag","filename":"dagbag.py","lineno":593}
{"timestamp":"2026-06-20T15:17:56.078509Z","level":"info","event":"Filling up the DagBag from /opt/airflow/dags/ecom_pipeline_dag.py","logger":"airflow.models.dagbag.DagBag","filename":"dagbag.py","lineno":593}
{"timestamp":"2026-06-20T15:18:26.788842Z","level":"info","event":"Filling up the DagBag from /opt/airflow/dags/ecom_pipeline_dag.py","logger":"airflow.models.dagbag.DagBag","filename":"dagbag.py","lineno":593}
{"timestamp":"2026-06-20T15:18:57.146859Z","level":"info","event":"Filling up the DagBag from /opt/airflow/dags/ecom_pipeline_dag.py","logger":"airflow.models.dagbag.DagBag","filename":"dagbag.py","lineno":593}
{"timestamp":"2026-06-20T15:19:28.046166Z","level":"info","event":"Filling up the DagBag from /opt/airflow/dags/ecom_pipeline_dag.py","logger":"airflow.models.dagbag.DagBag","filename":"dagbag.py","lineno":593}
{"timestamp":"2026-06-20T15:19:58.902204Z","level":"info","event":"Filling up the DagBag from /opt/airflow/dags/ecom_pipeline_dag.py","logger":"airflow.models.dagbag.DagBag","filename":"dagbag.py","lineno":593}
{"timestamp":"2026-06-20T15:20:29.762242Z","level":"info","event":"Filling up the DagBag from /opt/airflow/dags/ecom_pipeline_dag.py","logger":"airflow.models.dagbag.DagBag","filename":"dagbag.py","lineno":593}
{"timestamp":"2026-06-20T15:21:01.037104Z","level":"info","event":"Filling up the DagBag from /opt/airflow/dags/ecom_pipeline_dag.py","logger":"airflow.models.dagbag.DagBag","filename":"dagbag.py","lineno":593}
{"timestamp":"2026-06-20T15:21:31.624582Z","level":"info","event":"Filling up the DagBag from /opt/airflow/dags/ecom_pipeline_dag.py","logger":"airflow.models.dagbag.DagBag","filename":"dagbag.py","lineno":593}
{"timestamp":"2026-06-20T15:22:02.627099Z","level":"info","event":"Filling up the DagBag from /opt/airflow/dags/ecom_pipeline_dag.py","logger":"airflow.models.dagbag.DagBag","filename":"dagbag.py","lineno":593}
{"timestamp":"2026-06-20T15:22:33.432012Z","level":"info","event":"Filling up the DagBag from /opt/airflow/dags/ecom_pipeline_dag.py","logger":"airflow.models.dagbag.DagBag","filename":"dagbag.py","lineno":593}
{"timestamp":"2026-06-20T15:23:03.591328Z","level":"info","event":"Filling up the DagBag from /opt/airflow/dags/ecom_pipeline_dag.py","logger":"airflow.models.dagbag.DagBag","filename":"dagbag.py","lineno":593}
{"timestamp":"2026-06-20T15:23:34.582285Z","level":"info","event":"Filling up the DagBag from /opt/airflow/dags/ecom_pipeline_dag.py","logger":"airflow.models.dagbag.DagBag","filename":"dagbag.py","lineno":593}
{"timestamp":"2026-06-20T15:24:05.411608Z","level":"info","event":"Filling up the DagBag from /opt/airflow/dags/ecom_pipeline_dag.py","logger":"airflow.models.dagbag.DagBag","filename":"dagbag.py","lineno":593}
{"timestamp":"2026-06-20T15:24:36.211504Z","level":"info","event":"Filling up the DagBag from /opt/airflow/dags/ecom_pipeline_dag.py","logger":"airflow.models.dagbag.DagBag","filename":"dagbag.py","lineno":593}
{"timestamp":"2026-06-20T15:25:07.499028Z","level":"info","event":"Filling up the DagBag from /opt/airflow/dags/ecom_pipeline_dag.py","logger":"airflow.models.dagbag.DagBag","filename":"dagbag.py","lineno":593}
{"timestamp":"2026-06-20T15:25:37.993660Z","level":"info","event":"Filling up the DagBag from /opt/airflow/dags/ecom_pipeline_dag.py","logger":"airflow.models.dagbag.DagBag","filename":"dagbag.py","lineno":593}
{"timestamp":"2026-06-20T15:26:08.986609Z","level":"info","event":"Filling up the DagBag from /opt/airflow/dags/ecom_pipeline_dag.py","logger":"airflow.models.dagbag.DagBag","filename":"dagbag.py","lineno":593}
{"timestamp":"2026-06-20T15:26:39.218562Z","level":"info","event":"Filling up the DagBag from /opt/airflow/dags/ecom_pipeline_dag.py","logger":"airflow.models.dagbag.DagBag","filename":"dagbag.py","lineno":593}
{"timestamp":"2026-06-20T15:27:10.310218Z","level":"info","event":"Filling up the DagBag from /opt/airflow/dags/ecom_pipeline_dag.py","logger":"airflow.models.dagbag.DagBag","filename":"dagbag.py","lineno":593}
{"timestamp":"2026-06-20T15:27:41.277186Z","level":"info","event":"Filling up the DagBag from /opt/airflow/dags/ecom_pipeline_dag.py","logger":"airflow.models.dagbag.DagBag","filename":"dagbag.py","lineno":593}
{"timestamp":"2026-06-20T15:28:11.730169Z","level":"info","event":"Filling up the DagBag from /opt/airflow/dags/ecom_pipeline_dag.py","logger":"airflow.models.dagbag.DagBag","filename":"dagbag.py","lineno":593}
{"timestamp":"2026-06-20T15:28:41.913851Z","level":"info","event":"Filling up the DagBag from /opt/airflow/dags/ecom_pipeline_dag.py","logger":"airflow.models.dagbag.DagBag","filename":"dagbag.py","lineno":593}
{"timestamp":"2026-06-20T15:29:12.073905Z","level":"info","event":"Filling up the DagBag from /opt/airflow/dags/ecom_pipeline_dag.py","logger":"airflow.models.dagbag.DagBag","filename":"dagbag.py","lineno":593}
{"timestamp":"2026-06-20T15:29:42.940434Z","level":"info","event":"Filling up the DagBag from /opt/airflow/dags/ecom_pipeline_dag.py","logger":"airflow.models.dagbag.DagBag","filename":"dagbag.py","lineno":593}
{"timestamp":"2026-06-20T15:30:13.819362Z","level":"info","event":"Filling up the DagBag from /opt/airflow/dags/ecom_pipeline_dag.py","logger":"airflow.models.dagbag.DagBag","filename":"dagbag.py","lineno":593}
{"timestamp":"2026-06-20T15:30:44.263190Z","level":"info","event":"Filling up the DagBag from /opt/airflow/dags/ecom_pipeline_dag.py","logger":"airflow.models.dagbag.DagBag","filename":"dagbag.py","lineno":593}
{"timestamp":"2026-06-20T15:31:15.072718Z","level":"info","event":"Filling up the DagBag from /opt/airflow/dags/ecom_pipeline_dag.py","logger":"airflow.models.dagbag.DagBag","filename":"dagbag.py","lineno":593}
{"timestamp":"2026-06-20T15:31:45.810950Z","level":"info","event":"Filling up the DagBag from /opt/airflow/dags/ecom_pipeline_dag.py","logger":"airflow.models.dagbag.DagBag","filename":"dagbag.py","lineno":593}
{"timestamp":"2026-06-20T15:32:16.708539Z","level":"info","event":"Filling up the DagBag from /opt/airflow/dags/ecom_pipeline_dag.py","logger":"airflow.models.dagbag.DagBag","filename":"dagbag.py","lineno":593}
{"timestamp":"2026-06-20T15:32:47.477213Z","level":"info","event":"Filling up the DagBag from /opt/airflow/dags/ecom_pipeline_dag.py","logger":"airflow.models.dagbag.DagBag","filename":"dagbag.py","lineno":593}
{"timestamp":"2026-06-20T15:33:18.306936Z","level":"info","event":"Filling up the DagBag from /opt/airflow/dags/ecom_pipeline_dag.py","logger":"airflow.models.dagbag.DagBag","filename":"dagbag.py","lineno":593}
{"timestamp":"2026-06-20T15:33:49.058351Z","level":"info","event":"Filling up the DagBag from /opt/airflow/dags/ecom_pipeline_dag.py","logger":"airflow.models.dagbag.DagBag","filename":"dagbag.py","lineno":593}
{"timestamp":"2026-06-20T15:34:19.822847Z","level":"info","event":"Filling up the DagBag from /opt/airflow/dags/ecom_pipeline_dag.py","logger":"airflow.models.dagbag.DagBag","filename":"dagbag.py","lineno":593}
{"timestamp":"2026-06-20T15:34:50.582688Z","level":"info","event":"Filling up the DagBag from /opt/airflow/dags/ecom_pipeline_dag.py","logger":"airflow.models.dagbag.DagBag","filename":"dagbag.py","lineno":593}
{"timestamp":"2026-06-20T15:35:21.411259Z","level":"info","event":"Filling up the DagBag from /opt/airflow/dags/ecom_pipeline_dag.py","logger":"airflow.models.dagbag.DagBag","filename":"dagbag.py","lineno":593}
{"timestamp":"2026-06-20T15:35:52.579835Z","level":"info","event":"Filling up the DagBag from /opt/airflow/dags/ecom_pipeline_dag.py","logger":"airflow.models.dagbag.DagBag","filename":"dagbag.py","lineno":593}
{"timestamp":"2026-06-20T15:36:23.306444Z","level":"info","event":"Filling up the DagBag from /opt/airflow/dags/ecom_pipeline_dag.py","logger":"airflow.models.dagbag.DagBag","filename":"dagbag.py","lineno":593}
{"timestamp":"2026-06-20T15:36:54.046272Z","level":"info","event":"Filling up the DagBag from /opt/airflow/dags/ecom_pipeline_dag.py","logger":"airflow.models.dagbag.DagBag","filename":"dagbag.py","lineno":593}
{"timestamp":"2026-06-20T15:37:24.958913Z","level":"info","event":"Filling up the DagBag from /opt/airflow/dags/ecom_pipeline_dag.py","logger":"airflow.models.dagbag.DagBag","filename":"dagbag.py","lineno":593}
{"timestamp":"2026-06-20T15:37:55.680138Z","level":"info","event":"Filling up the DagBag from /opt/airflow/dags/ecom_pipeline_dag.py","logger":"airflow.models.dagbag.DagBag","filename":"dagbag.py","lineno":593}
{"timestamp":"2026-06-20T15:38:26.520145Z","level":"info","event":"Filling up the DagBag from /opt/airflow/dags/ecom_pipeline_dag.py","logger":"airflow.models.dagbag.DagBag","filename":"dagbag.py","lineno":593}
{"timestamp":"2026-06-20T15:38:57.187821Z","level":"info","event":"Filling up the DagBag from /opt/airflow/dags/ecom_pipeline_dag.py","logger":"airflow.models.dagbag.DagBag","filename":"dagbag.py","lineno":593}
{"timestamp":"2026-06-20T15:39:28.088909Z","level":"info","event":"Filling up the DagBag from /opt/airflow/dags/ecom_pipeline_dag.py","logger":"airflow.models.dagbag.DagBag","filename":"dagbag.py","lineno":593}
{"timestamp":"2026-06-20T15:39:58.821616Z","level":"info","event":"Filling up the DagBag from /opt/airflow/dags/ecom_pipeline_dag.py","logger":"airflow.models.dagbag.DagBag","filename":"dagbag.py","lineno":593}
{"timestamp":"2026-06-20T15:40:29.127356Z","level":"info","event":"Filling up the DagBag from /opt/airflow/dags/ecom_pipeline_dag.py","logger":"airflow.models.dagbag.DagBag","filename":"dagbag.py","lineno":593}
{"timestamp":"2026-06-20T15:40:59.724969Z","level":"info","event":"Filling up the DagBag from /opt/airflow/dags/ecom_pipeline_dag.py","logger":"airflow.models.dagbag.DagBag","filename":"dagbag.py","lineno":593}
{"timestamp":"2026-06-20T15:41:30.243577Z","level":"info","event":"Filling up the DagBag from /opt/airflow/dags/ecom_pipeline_dag.py","logger":"airflow.models.dagbag.DagBag","filename":"dagbag.py","lineno":593}
{"timestamp":"2026-06-20T15:42:01.114837Z","level":"info","event":"Filling up the DagBag from /opt/airflow/dags/ecom_pipeline_dag.py","logger":"airflow.models.dagbag.DagBag","filename":"dagbag.py","lineno":593}
{"timestamp":"2026-06-20T15:42:31.391748Z","level":"info","event":"Filling up the DagBag from /opt/airflow/dags/ecom_pipeline_dag.py","logger":"airflow.models.dagbag.DagBag","filename":"dagbag.py","lineno":593}
{"timestamp":"2026-06-20T15:43:01.895311Z","level":"info","event":"Filling up the DagBag from /opt/airflow/dags/ecom_pipeline_dag.py","logger":"airflow.models.dagbag.DagBag","filename":"dagbag.py","lineno":593}
{"timestamp":"2026-06-20T15:43:32.839841Z","level":"info","event":"Filling up the DagBag from /opt/airflow/dags/ecom_pipeline_dag.py","logger":"airflow.models.dagbag.DagBag","filename":"dagbag.py","lineno":593}
{"timestamp":"2026-06-20T15:44:03.847737Z","level":"info","event":"Filling up the DagBag from /opt/airflow/dags/ecom_pipeline_dag.py","logger":"airflow.models.dagbag.DagBag","filename":"dagbag.py","lineno":593}
{"timestamp":"2026-06-20T15:44:34.249170Z","level":"info","event":"Filling up the DagBag from /opt/airflow/dags/ecom_pipeline_dag.py","logger":"airflow.models.dagbag.DagBag","filename":"dagbag.py","lineno":593}
{"timestamp":"2026-06-20T15:45:04.563699Z","level":"info","event":"Filling up the DagBag from /opt/airflow/dags/ecom_pipeline_dag.py","logger":"airflow.models.dagbag.DagBag","filename":"dagbag.py","lineno":593}
{"timestamp":"2026-06-20T15:45:34.847297Z","level":"info","event":"Filling up the DagBag from /opt/airflow/dags/ecom_pipeline_dag.py","logger":"airflow.models.dagbag.DagBag","filename":"dagbag.py","lineno":593}
{"timestamp":"2026-06-20T15:46:05.500735Z","level":"info","event":"Filling up the DagBag from /opt/airflow/dags/ecom_pipeline_dag.py","logger":"airflow.models.dagbag.DagBag","filename":"dagbag.py","lineno":593}
{"timestamp":"2026-06-20T15:46:37.175760Z","level":"info","event":"Filling up the DagBag from /opt/airflow/dags/ecom_pipeline_dag.py","logger":"airflow.models.dagbag.DagBag","filename":"dagbag.py","lineno":593}
{"timestamp":"2026-06-20T15:47:08.522668Z","level":"info","event":"Filling up the DagBag from /opt/airflow/dags/ecom_pipeline_dag.py","logger":"airflow.models.dagbag.DagBag","filename":"dagbag.py","lineno":593}
{"timestamp":"2026-06-20T15:47:39.532464Z","level":"info","event":"Filling up the DagBag from /opt/airflow/dags/ecom_pipeline_dag.py","logger":"airflow.models.dagbag.DagBag","filename":"dagbag.py","lineno":593}
{"timestamp":"2026-06-20T15:48:10.439018Z","level":"info","event":"Filling up the DagBag from /opt/airflow/dags/ecom_pipeline_dag.py","logger":"airflow.models.dagbag.DagBag","filename":"dagbag.py","lineno":593}
{"timestamp":"2026-06-20T15:48:41.461390Z","level":"info","event":"Filling up the DagBag from /opt/airflow/dags/ecom_pipeline_dag.py","logger":"airflow.models.dagbag.DagBag","filename":"dagbag.py","lineno":593}
{"timestamp":"2026-06-20T15:49:13.636097Z","level":"info","event":"Filling up the DagBag from /opt/airflow/dags/ecom_pipeline_dag.py","logger":"airflow.models.dagbag.DagBag","filename":"dagbag.py","lineno":593}
{"timestamp":"2026-06-20T15:49:45.807856Z","level":"info","event":"Filling up the DagBag from /opt/airflow/dags/ecom_pipeline_dag.py","logger":"airflow.models.dagbag.DagBag","filename":"dagbag.py","lineno":593}
{"timestamp":"2026-06-20T15:50:17.001101Z","level":"info","event":"Filling up the DagBag from /opt/airflow/dags/ecom_pipeline_dag.py","logger":"airflow.models.dagbag.DagBag","filename":"dagbag.py","lineno":593}
{"timestamp":"2026-06-20T15:50:48.032820Z","level":"info","event":"Filling up the DagBag from /opt/airflow/dags/ecom_pipeline_dag.py","logger":"airflow.models.dagbag.DagBag","filename":"dagbag.py","lineno":593}
{"timestamp":"2026-06-20T15:51:19.308643Z","level":"info","event":"Filling up the DagBag from /opt/airflow/dags/ecom_pipeline_dag.py","logger":"airflow.models.dagbag.DagBag","filename":"dagbag.py","lineno":593}
{"timestamp":"2026-06-20T15:51:50.620973Z","level":"info","event":"Filling up the DagBag from /opt/airflow/dags/ecom_pipeline_dag.py","logger":"airflow.models.dagbag.DagBag","filename":"dagbag.py","lineno":593}
{"timestamp":"2026-06-20T15:52:21.399905Z","level":"info","event":"Filling up the DagBag from /opt/airflow/dags/ecom_pipeline_dag.py","logger":"airflow.models.dagbag.DagBag","filename":"dagbag.py","lineno":593}
{"timestamp":"2026-06-20T15:52:51.541544Z","level":"info","event":"Filling up the DagBag from /opt/airflow/dags/ecom_pipeline_dag.py","logger":"airflow.models.dagbag.DagBag","filename":"dagbag.py","lineno":593}
{"timestamp":"2026-06-20T15:53:22.551569Z","level":"info","event":"Filling up the DagBag from /opt/airflow/dags/ecom_pipeline_dag.py","logger":"airflow.models.dagbag.DagBag","filename":"dagbag.py","lineno":593}
{"timestamp":"2026-06-20T15:53:53.985840Z","level":"info","event":"Filling up the DagBag from /opt/airflow/dags/ecom_pipeline_dag.py","logger":"airflow.models.dagbag.DagBag","filename":"dagbag.py","lineno":593}
{"timestamp":"2026-06-20T15:54:24.614126Z","level":"info","event":"Filling up the DagBag from /opt/airflow/dags/ecom_pipeline_dag.py","logger":"airflow.models.dagbag.DagBag","filename":"dagbag.py","lineno":593}
{"timestamp":"2026-06-20T15:54:55.110241Z","level":"info","event":"Filling up the DagBag from /opt/airflow/dags/ecom_pipeline_dag.py","logger":"airflow.models.dagbag.DagBag","filename":"dagbag.py","lineno":593}
{"timestamp":"2026-06-20T15:55:26.115949Z","level":"info","event":"Filling up the DagBag from /opt/airflow/dags/ecom_pipeline_dag.py","logger":"airflow.models.dagbag.DagBag","filename":"dagbag.py","lineno":593}
{"timestamp":"2026-06-20T15:55:56.285868Z","level":"info","event":"Filling up the DagBag from /opt/airflow/dags/ecom_pipeline_dag.py","logger":"airflow.models.dagbag.DagBag","filename":"dagbag.py","lineno":593}
{"timestamp":"2026-06-20T15:56:26.770008Z","level":"info","event":"Filling up the DagBag from /opt/airflow/dags/ecom_pipeline_dag.py","logger":"airflow.models.dagbag.DagBag","filename":"dagbag.py","lineno":593}
{"timestamp":"2026-06-20T15:56:57.643447Z","level":"info","event":"Filling up the DagBag from /opt/airflow/dags/ecom_pipeline_dag.py","logger":"airflow.models.dagbag.DagBag","filename":"dagbag.py","lineno":593}
{"timestamp":"2026-06-20T15:57:28.160836Z","level":"info","event":"Filling up the DagBag from /opt/airflow/dags/ecom_pipeline_dag.py","logger":"airflow.models.dagbag.DagBag","filename":"dagbag.py","lineno":593}
{"timestamp":"2026-06-20T15:57:58.996363Z","level":"info","event":"Filling up the DagBag from /opt/airflow/dags/ecom_pipeline_dag.py","logger":"airflow.models.dagbag.DagBag","filename":"dagbag.py","lineno":593}
{"timestamp":"2026-06-20T15:58:29.476570Z","level":"info","event":"Filling up the DagBag from /opt/airflow/dags/ecom_pipeline_dag.py","logger":"airflow.models.dagbag.DagBag","filename":"dagbag.py","lineno":593}
{"timestamp":"2026-06-20T15:59:00.148973Z","level":"info","event":"Filling up the DagBag from /opt/airflow/dags/ecom_pipeline_dag.py","logger":"airflow.models.dagbag.DagBag","filename":"dagbag.py","lineno":593}
{"timestamp":"2026-06-20T15:59:30.434801Z","level":"info","event":"Filling up the DagBag from /opt/airflow/dags/ecom_pipeline_dag.py","logger":"airflow.models.dagbag.DagBag","filename":"dagbag.py","lineno":593}
{"timestamp":"2026-06-20T16:00:01.230040Z","level":"info","event":"Filling up the DagBag from /opt/airflow/dags/ecom_pipeline_dag.py","logger":"airflow.models.dagbag.DagBag","filename":"dagbag.py","lineno":593}
{"timestamp":"2026-06-20T16:00:32.281211Z","level":"info","event":"Filling up the DagBag from /opt/airflow/dags/ecom_pipeline_dag.py","logger":"airflow.models.dagbag.DagBag","filename":"dagbag.py","lineno":593}
{"timestamp":"2026-06-20T16:01:03.998148Z","level":"info","event":"Filling up the DagBag from /opt/airflow/dags/ecom_pipeline_dag.py","logger":"airflow.models.dagbag.DagBag","filename":"dagbag.py","lineno":593}
{"timestamp":"2026-06-20T16:01:34.681015Z","level":"info","event":"Filling up the DagBag from /opt/airflow/dags/ecom_pipeline_dag.py","logger":"airflow.models.dagbag.DagBag","filename":"dagbag.py","lineno":593}
{"timestamp":"2026-06-20T16:02:04.967327Z","level":"info","event":"Filling up the DagBag from /opt/airflow/dags/ecom_pipeline_dag.py","logger":"airflow.models.dagbag.DagBag","filename":"dagbag.py","lineno":593}
{"timestamp":"2026-06-20T16:02:36.365022Z","level":"info","event":"Filling up the DagBag from /opt/airflow/dags/ecom_pipeline_dag.py","logger":"airflow.models.dagbag.DagBag","filename":"dagbag.py","lineno":593}
{"timestamp":"2026-06-20T16:03:07.218902Z","level":"info","event":"Filling up the DagBag from /opt/airflow/dags/ecom_pipeline_dag.py","logger":"airflow.models.dagbag.DagBag","filename":"dagbag.py","lineno":593}
{"timestamp":"2026-06-20T16:03:37.989443Z","level":"info","event":"Filling up the DagBag from /opt/airflow/dags/ecom_pipeline_dag.py","logger":"airflow.models.dagbag.DagBag","filename":"dagbag.py","lineno":593}
{"timestamp":"2026-06-20T16:04:08.703042Z","level":"info","event":"Filling up the DagBag from /opt/airflow/dags/ecom_pipeline_dag.py","logger":"airflow.models.dagbag.DagBag","filename":"dagbag.py","lineno":593}
{"timestamp":"2026-06-20T16:04:39.724983Z","level":"info","event":"Filling up the DagBag from /opt/airflow/dags/ecom_pipeline_dag.py","logger":"airflow.models.dagbag.DagBag","filename":"dagbag.py","lineno":593}
{"timestamp":"2026-06-20T16:05:10.037394Z","level":"info","event":"Filling up the DagBag from /opt/airflow/dags/ecom_pipeline_dag.py","logger":"airflow.models.dagbag.DagBag","filename":"dagbag.py","lineno":593}
{"timestamp":"2026-06-20T16:05:40.309817Z","level":"info","event":"Filling up the DagBag from /opt/airflow/dags/ecom_pipeline_dag.py","logger":"airflow.models.dagbag.DagBag","filename":"dagbag.py","lineno":593}
{"timestamp":"2026-06-20T16:06:10.612245Z","level":"info","event":"Filling up the DagBag from /opt/airflow/dags/ecom_pipeline_dag.py","logger":"airflow.models.dagbag.DagBag","filename":"dagbag.py","lineno":593}
{"timestamp":"2026-06-20T16:06:40.879852Z","level":"info","event":"Filling up the DagBag from /opt/airflow/dags/ecom_pipeline_dag.py","logger":"airflow.models.dagbag.DagBag","filename":"dagbag.py","lineno":593}
{"timestamp":"2026-06-20T16:07:11.870177Z","level":"info","event":"Filling up the DagBag from /opt/airflow/dags/ecom_pipeline_dag.py","logger":"airflow.models.dagbag.DagBag","filename":"dagbag.py","lineno":593}
{"timestamp":"2026-06-20T16:07:42.428904Z","level":"info","event":"Filling up the DagBag from /opt/airflow/dags/ecom_pipeline_dag.py","logger":"airflow.models.dagbag.DagBag","filename":"dagbag.py","lineno":593}
{"timestamp":"2026-06-20T16:08:12.810802Z","level":"info","event":"Filling up the DagBag from /opt/airflow/dags/ecom_pipeline_dag.py","logger":"airflow.models.dagbag.DagBag","filename":"dagbag.py","lineno":593}
{"timestamp":"2026-06-20T16:08:43.893758Z","level":"info","event":"Filling up the DagBag from /opt/airflow/dags/ecom_pipeline_dag.py","logger":"airflow.models.dagbag.DagBag","filename":"dagbag.py","lineno":593}
{"timestamp":"2026-06-20T16:09:14.704276Z","level":"info","event":"Filling up the DagBag from /opt/airflow/dags/ecom_pipeline_dag.py","logger":"airflow.models.dagbag.DagBag","filename":"dagbag.py","lineno":593}
{"timestamp":"2026-06-20T16:09:45.064878Z","level":"info","event":"Filling up the DagBag from /opt/airflow/dags/ecom_pipeline_dag.py","logger":"airflow.models.dagbag.DagBag","filename":"dagbag.py","lineno":593}
{"timestamp":"2026-06-20T16:10:15.816188Z","level":"info","event":"Filling up the DagBag from /opt/airflow/dags/ecom_pipeline_dag.py","logger":"airflow.models.dagbag.DagBag","filename":"dagbag.py","lineno":593}
{"timestamp":"2026-06-20T16:10:46.807725Z","level":"info","event":"Filling up the DagBag from /opt/airflow/dags/ecom_pipeline_dag.py","logger":"airflow.models.dagbag.DagBag","filename":"dagbag.py","lineno":593}
{"timestamp":"2026-06-20T16:11:18.484580Z","level":"info","event":"Filling up the DagBag from /opt/airflow/dags/ecom_pipeline_dag.py","logger":"airflow.models.dagbag.DagBag","filename":"dagbag.py","lineno":593}
{"timestamp":"2026-06-20T16:11:49.240212Z","level":"info","event":"Filling up the DagBag from /opt/airflow/dags/ecom_pipeline_dag.py","logger":"airflow.models.dagbag.DagBag","filename":"dagbag.py","lineno":593}
{"timestamp":"2026-06-20T16:12:22.063362Z","level":"info","event":"Filling up the DagBag from /opt/airflow/dags/ecom_pipeline_dag.py","logger":"airflow.models.dagbag.DagBag","filename":"dagbag.py","lineno":593}
{"timestamp":"2026-06-20T16:12:53.297409Z","level":"info","event":"Filling up the DagBag from /opt/airflow/dags/ecom_pipeline_dag.py","logger":"airflow.models.dagbag.DagBag","filename":"dagbag.py","lineno":593}
{"timestamp":"2026-06-20T16:13:23.818668Z","level":"info","event":"Filling up the DagBag from /opt/airflow/dags/ecom_pipeline_dag.py","logger":"airflow.models.dagbag.DagBag","filename":"dagbag.py","lineno":593}
{"timestamp":"2026-06-20T16:13:56.241216Z","level":"info","event":"Filling up the DagBag from /opt/airflow/dags/ecom_pipeline_dag.py","logger":"airflow.models.dagbag.DagBag","filename":"dagbag.py","lineno":593}
{"timestamp":"2026-06-20T16:14:28.637398Z","level":"info","event":"Filling up the DagBag from /opt/airflow/dags/ecom_pipeline_dag.py","logger":"airflow.models.dagbag.DagBag","filename":"dagbag.py","lineno":593}
{"timestamp":"2026-06-20T16:15:07.703651Z","level":"info","event":"Filling up the DagBag from /opt/airflow/dags/ecom_pipeline_dag.py","logger":"airflow.models.dagbag.DagBag","filename":"dagbag.py","lineno":593}
{"timestamp":"2026-06-20T16:15:46.361887Z","level":"info","event":"Filling up the DagBag from /opt/airflow/dags/ecom_pipeline_dag.py","logger":"airflow.models.dagbag.DagBag","filename":"dagbag.py","lineno":593}
